# JRE version: OpenJDK Runtime Environment (8.0_212-b04) (build 1.8.0_212-release-1586-b04)
# Java VM: OpenJDK 64-Bit Server VM (25.212-b04 mixed mode windows-amd64 compressed oops)
Heap:
 PSYoungGen      total 184320K, used 124056K [0x00000000e0000000, 0x00000000ecf00000, 0x0000000100000000)
  eden space 167424K, 74% used [0x00000000e0000000,0x00000000e79261b8,0x00000000ea380000)
  from space 16896K, 0% used [0x00000000eb480000,0x00000000eb480000,0x00000000ec500000)
  to   space 17408K, 0% used [0x00000000ea380000,0x00000000ea380000,0x00000000eb480000)
 ParOldGen       total 138752K, used 33950K [0x00000000a0000000, 0x00000000a8780000, 0x00000000e0000000)
  object space 138752K, 24% used [0x00000000a0000000,0x00000000a2127938,0x00000000a8780000)
 Metaspace       used 59555K, capacity 61687K, committed 61952K, reserved 1101824K
  class space    used 8193K, capacity 8679K, committed 8704K, reserved 1048576K
GC Heap History (10 events):
Event: 9.444 GC heap before
{Heap before GC invocations=11 (full 2):
 PSYoungGen      total 115200K, used 11243K [0x00000000e0000000, 0x00000000ea180000, 0x0000000100000000)
  eden space 103424K, 0% used [0x00000000e0000000,0x00000000e0000000,0x00000000e6500000)
  from space 11776K, 95% used [0x00000000e6500000,0x00000000e6ffafd0,0x00000000e7080000)
  to   space 12800K, 0% used [0x00000000e9500000,0x00000000e9500000,0x00000000ea180000)
 ParOldGen       total 60928K, used 9479K [0x00000000a0000000, 0x00000000a3b80000, 0x00000000e0000000)
  object space 60928K, 15% used [0x00000000a0000000,0x00000000a0941ce0,0x00000000a3b80000)
 Metaspace       used 34645K, capacity 35467K, committed 35496K, reserved 1079296K
  class space    used 4761K, capacity 4992K, committed 4992K, reserved 1048576K
Event: 9.537 GC heap after
Heap after GC invocations=11 (full 2):
 PSYoungGen      total 115200K, used 0K [0x00000000e0000000, 0x00000000ea180000, 0x0000000100000000)
  eden space 103424K, 0% used [0x00000000e0000000,0x00000000e0000000,0x00000000e6500000)
  from space 11776K, 0% used [0x00000000e6500000,0x00000000e6500000,0x00000000e7080000)
  to   space 12800K, 0% used [0x00000000e9500000,0x00000000e9500000,0x00000000ea180000)
 ParOldGen       total 93184K, used 18186K [0x00000000a0000000, 0x00000000a5b00000, 0x00000000e0000000)
  object space 93184K, 19% used [0x00000000a0000000,0x00000000a11c2b90,0x00000000a5b00000)
 Metaspace       used 34638K, capacity 35443K, committed 35496K, reserved 1079296K
  class space    used 4759K, capacity 4988K, committed 4992K, reserved 1048576K
}
Event: 11.757 GC heap before
{Heap before GC invocations=12 (full 2):
 PSYoungGen      total 115200K, used 103424K [0x00000000e0000000, 0x00000000ea180000, 0x0000000100000000)
  eden space 103424K, 100% used [0x00000000e0000000,0x00000000e6500000,0x00000000e6500000)
  from space 11776K, 0% used [0x00000000e6500000,0x00000000e6500000,0x00000000e7080000)
  to   space 12800K, 0% used [0x00000000e9500000,0x00000000e9500000,0x00000000ea180000)
 ParOldGen       total 93184K, used 18186K [0x00000000a0000000, 0x00000000a5b00000, 0x00000000e0000000)
  object space 93184K, 19% used [0x00000000a0000000,0x00000000a11c2b90,0x00000000a5b00000)
 Metaspace       used 44938K, capacity 45973K, committed 46336K, reserved 1089536K
  class space    used 6036K, capacity 6315K, committed 6400K, reserved 1048576K
Event: 11.774 GC heap after
Heap after GC invocations=12 (full 2):
 PSYoungGen      total 144896K, used 12781K [0x00000000e0000000, 0x00000000ea180000, 0x0000000100000000)
  eden space 132096K, 0% used [0x00000000e0000000,0x00000000e0000000,0x00000000e8100000)
  from space 12800K, 99% used [0x00000000e9500000,0x00000000ea17b608,0x00000000ea180000)
  to   space 15360K, 0% used [0x00000000e8380000,0x00000000e8380000,0x00000000e9280000)
 ParOldGen       total 93184K, used 20256K [0x00000000a0000000, 0x00000000a5b00000, 0x00000000e0000000)
  object space 93184K, 21% used [0x00000000a0000000,0x00000000a13c80f8,0x00000000a5b00000)
 Metaspace       used 44938K, capacity 45973K, committed 46336K, reserved 1089536K
  class space    used 6036K, capacity 6315K, committed 6400K, reserved 1048576K
}
Event: 14.234 GC heap before
{Heap before GC invocations=13 (full 2):
 PSYoungGen      total 144896K, used 144877K [0x00000000e0000000, 0x00000000ea180000, 0x0000000100000000)
  eden space 132096K, 100% used [0x00000000e0000000,0x00000000e8100000,0x00000000e8100000)
  from space 12800K, 99% used [0x00000000e9500000,0x00000000ea17b608,0x00000000ea180000)
  to   space 15360K, 0% used [0x00000000e8380000,0x00000000e8380000,0x00000000e9280000)
 ParOldGen       total 93184K, used 20256K [0x00000000a0000000, 0x00000000a5b00000, 0x00000000e0000000)
  object space 93184K, 21% used [0x00000000a0000000,0x00000000a13c80f8,0x00000000a5b00000)
 Metaspace       used 55593K, capacity 57263K, committed 57600K, reserved 1099776K
  class space    used 7660K, capacity 8067K, committed 8192K, reserved 1048576K
Event: 14.264 GC heap after
Heap after GC invocations=13 (full 2):
 PSYoungGen      total 150016K, used 14802K [0x00000000e0000000, 0x00000000ec500000, 0x0000000100000000)
  eden space 134656K, 0% used [0x00000000e0000000,0x00000000e0000000,0x00000000e8380000)
  from space 15360K, 96% used [0x00000000e8380000,0x00000000e91f48c0,0x00000000e9280000)
  to   space 16896K, 0% used [0x00000000eb480000,0x00000000eb480000,0x00000000ec500000)
 ParOldGen       total 93184K, used 26299K [0x00000000a0000000, 0x00000000a5b00000, 0x00000000e0000000)
  object space 93184K, 28% used [0x00000000a0000000,0x00000000a19aeff8,0x00000000a5b00000)
 Metaspace       used 55593K, capacity 57263K, committed 57600K, reserved 1099776K
  class space    used 7660K, capacity 8067K, committed 8192K, reserved 1048576K
}
Event: 15.235 GC heap before
{Heap before GC invocations=14 (full 2):
 PSYoungGen      total 150016K, used 52148K [0x00000000e0000000, 0x00000000ec500000, 0x0000000100000000)
  eden space 134656K, 27% used [0x00000000e0000000,0x00000000e2478b30,0x00000000e8380000)
  from space 15360K, 96% used [0x00000000e8380000,0x00000000e91f48c0,0x00000000e9280000)
  to   space 16896K, 0% used [0x00000000eb480000,0x00000000eb480000,0x00000000ec500000)
 ParOldGen       total 93184K, used 26299K [0x00000000a0000000, 0x00000000a5b00000, 0x00000000e0000000)
  object space 93184K, 28% used [0x00000000a0000000,0x00000000a19aeff8,0x00000000a5b00000)
 Metaspace       used 57229K, capacity 59007K, committed 59160K, reserved 1099776K
  class space    used 7888K, capacity 8297K, committed 8320K, reserved 1048576K
Event: 15.268 GC heap after
Heap after GC invocations=14 (full 2):
 PSYoungGen      total 184320K, used 12731K [0x00000000e0000000, 0x00000000ecf00000, 0x0000000100000000)
  eden space 167424K, 0% used [0x00000000e0000000,0x00000000e0000000,0x00000000ea380000)
  from space 16896K, 75% used [0x00000000eb480000,0x00000000ec0eee98,0x00000000ec500000)
  to   space 17408K, 0% used [0x00000000ea380000,0x00000000ea380000,0x00000000eb480000)
 ParOldGen       total 93184K, used 26307K [0x00000000a0000000, 0x00000000a5b00000, 0x00000000e0000000)
  object space 93184K, 28% used [0x00000000a0000000,0x00000000a19b0ff8,0x00000000a5b00000)
 Metaspace       used 57229K, capacity 59007K, committed 59160K, reserved 1099776K
  class space    used 7888K, capacity 8297K, committed 8320K, reserved 1048576K
}
Event: 15.268 GC heap before
{Heap before GC invocations=15 (full 3):
 PSYoungGen      total 184320K, used 12731K [0x00000000e0000000, 0x00000000ecf00000, 0x0000000100000000)
  eden space 167424K, 0% used [0x00000000e0000000,0x00000000e0000000,0x00000000ea380000)
  from space 16896K, 75% used [0x00000000eb480000,0x00000000ec0eee98,0x00000000ec500000)
  to   space 17408K, 0% used [0x00000000ea380000,0x00000000ea380000,0x00000000eb480000)
 ParOldGen       total 93184K, used 26307K [0x00000000a0000000, 0x00000000a5b00000, 0x00000000e0000000)
  object space 93184K, 28% used [0x00000000a0000000,0x00000000a19b0ff8,0x00000000a5b00000)
 Metaspace       used 57229K, capacity 59007K, committed 59160K, reserved 1099776K
  class space    used 7888K, capacity 8297K, committed 8320K, reserved 1048576K
Event: 15.675 GC heap after
Heap after GC invocations=15 (full 3):
 PSYoungGen      total 184320K, used 0K [0x00000000e0000000, 0x00000000ecf00000, 0x0000000100000000)
  eden space 167424K, 0% used [0x00000000e0000000,0x00000000e0000000,0x00000000ea380000)
  from space 16896K, 0% used [0x00000000eb480000,0x00000000eb480000,0x00000000ec500000)
  to   space 17408K, 0% used [0x00000000ea380000,0x00000000ea380000,0x00000000eb480000)
 ParOldGen       total 138752K, used 33950K [0x00000000a0000000, 0x00000000a8780000, 0x00000000e0000000)
  object space 138752K, 24% used [0x00000000a0000000,0x00000000a2127938,0x00000000a8780000)
 Metaspace       used 57225K, capacity 58995K, committed 59160K, reserved 1099776K
  class space    used 7886K, capacity 8295K, committed 8320K, reserved 1048576K
}

