# JRE version: OpenJDK Runtime Environment (8.0_212-b04) (build 1.8.0_212-release-1586-b04)
# Java VM: OpenJDK 64-Bit Server VM (25.212-b04 mixed mode windows-amd64 compressed oops)
Heap:
 PSYoungGen      total 178176K, used 125991K [0x00000000e0000000, 0x00000000ec280000, 0x0000000100000000)
  eden space 161280K, 78% used [0x00000000e0000000,0x00000000e7b09ea0,0x00000000e9d80000)
  from space 16896K, 0% used [0x00000000eae80000,0x00000000eae80000,0x00000000ebf00000)
  to   space 17408K, 0% used [0x00000000e9d80000,0x00000000e9d80000,0x00000000eae80000)
 ParOldGen       total 136704K, used 33941K [0x00000000a0000000, 0x00000000a8580000, 0x00000000e0000000)
  object space 136704K, 24% used [0x00000000a0000000,0x00000000a21255f8,0x00000000a8580000)
 Metaspace       used 59697K, capacity 61880K, committed 62040K, reserved 1101824K
  class space    used 8219K, capacity 8709K, committed 8792K, reserved 1048576K
GC Heap History (10 events):
Event: 12.657 GC heap before
{Heap before GC invocations=11 (full 2):
 PSYoungGen      total 114688K, used 11399K [0x00000000e0000000, 0x00000000e9e00000, 0x0000000100000000)
  eden space 102912K, 0% used [0x00000000e0000000,0x00000000e0000000,0x00000000e6480000)
  from space 11776K, 96% used [0x00000000e6480000,0x00000000e6fa1c58,0x00000000e7000000)
  to   space 12800K, 0% used [0x00000000e9180000,0x00000000e9180000,0x00000000e9e00000)
 ParOldGen       total 60416K, used 9480K [0x00000000a0000000, 0x00000000a3b00000, 0x00000000e0000000)
  object space 60416K, 15% used [0x00000000a0000000,0x00000000a09423a0,0x00000000a3b00000)
 Metaspace       used 34634K, capacity 35436K, committed 35456K, reserved 1079296K
  class space    used 4758K, capacity 4989K, committed 4992K, reserved 1048576K
Event: 12.765 GC heap after
Heap after GC invocations=11 (full 2):
 PSYoungGen      total 114688K, used 0K [0x00000000e0000000, 0x00000000e9e00000, 0x0000000100000000)
  eden space 102912K, 0% used [0x00000000e0000000,0x00000000e0000000,0x00000000e6480000)
  from space 11776K, 0% used [0x00000000e6480000,0x00000000e6480000,0x00000000e7000000)
  to   space 12800K, 0% used [0x00000000e9180000,0x00000000e9180000,0x00000000e9e00000)
 ParOldGen       total 92672K, used 18211K [0x00000000a0000000, 0x00000000a5a80000, 0x00000000e0000000)
  object space 92672K, 19% used [0x00000000a0000000,0x00000000a11c8fe0,0x00000000a5a80000)
 Metaspace       used 34630K, capacity 35424K, committed 35456K, reserved 1079296K
  class space    used 4757K, capacity 4987K, committed 4992K, reserved 1048576K
}
Event: 18.042 GC heap before
{Heap before GC invocations=12 (full 2):
 PSYoungGen      total 114688K, used 102912K [0x00000000e0000000, 0x00000000e9e00000, 0x0000000100000000)
  eden space 102912K, 100% used [0x00000000e0000000,0x00000000e6480000,0x00000000e6480000)
  from space 11776K, 0% used [0x00000000e6480000,0x00000000e6480000,0x00000000e7000000)
  to   space 12800K, 0% used [0x00000000e9180000,0x00000000e9180000,0x00000000e9e00000)
 ParOldGen       total 92672K, used 18211K [0x00000000a0000000, 0x00000000a5a80000, 0x00000000e0000000)
  object space 92672K, 19% used [0x00000000a0000000,0x00000000a11c8fe0,0x00000000a5a80000)
 Metaspace       used 44964K, capacity 46024K, committed 46336K, reserved 1089536K
  class space    used 6038K, capacity 6314K, committed 6400K, reserved 1048576K
Event: 18.062 GC heap after
Heap after GC invocations=12 (full 2):
 PSYoungGen      total 143360K, used 12777K [0x00000000e0000000, 0x00000000e9e00000, 0x0000000100000000)
  eden space 130560K, 0% used [0x00000000e0000000,0x00000000e0000000,0x00000000e7f80000)
  from space 12800K, 99% used [0x00000000e9180000,0x00000000e9dfa4e0,0x00000000e9e00000)
  to   space 15360K, 0% used [0x00000000e8000000,0x00000000e8000000,0x00000000e8f00000)
 ParOldGen       total 92672K, used 20131K [0x00000000a0000000, 0x00000000a5a80000, 0x00000000e0000000)
  object space 92672K, 21% used [0x00000000a0000000,0x00000000a13a8f68,0x00000000a5a80000)
 Metaspace       used 44964K, capacity 46024K, committed 46336K, reserved 1089536K
  class space    used 6038K, capacity 6314K, committed 6400K, reserved 1048576K
}
Event: 31.094 GC heap before
{Heap before GC invocations=13 (full 2):
 PSYoungGen      total 143360K, used 143337K [0x00000000e0000000, 0x00000000e9e00000, 0x0000000100000000)
  eden space 130560K, 100% used [0x00000000e0000000,0x00000000e7f80000,0x00000000e7f80000)
  from space 12800K, 99% used [0x00000000e9180000,0x00000000e9dfa4e0,0x00000000e9e00000)
  to   space 15360K, 0% used [0x00000000e8000000,0x00000000e8000000,0x00000000e8f00000)
 ParOldGen       total 92672K, used 20131K [0x00000000a0000000, 0x00000000a5a80000, 0x00000000e0000000)
  object space 92672K, 21% used [0x00000000a0000000,0x00000000a13a8f68,0x00000000a5a80000)
 Metaspace       used 55578K, capacity 57290K, committed 57600K, reserved 1099776K
  class space    used 7659K, capacity 8098K, committed 8192K, reserved 1048576K
Event: 31.126 GC heap after
Heap after GC invocations=13 (full 2):
 PSYoungGen      total 146432K, used 14564K [0x00000000e0000000, 0x00000000ebf00000, 0x0000000100000000)
  eden space 131072K, 0% used [0x00000000e0000000,0x00000000e0000000,0x00000000e8000000)
  from space 15360K, 94% used [0x00000000e8000000,0x00000000e8e392f8,0x00000000e8f00000)
  to   space 16896K, 0% used [0x00000000eae80000,0x00000000eae80000,0x00000000ebf00000)
 ParOldGen       total 92672K, used 26106K [0x00000000a0000000, 0x00000000a5a80000, 0x00000000e0000000)
  object space 92672K, 28% used [0x00000000a0000000,0x00000000a197e8d8,0x00000000a5a80000)
 Metaspace       used 55578K, capacity 57290K, committed 57600K, reserved 1099776K
  class space    used 7659K, capacity 8098K, committed 8192K, reserved 1048576K
}
Event: 32.891 GC heap before
{Heap before GC invocations=14 (full 2):
 PSYoungGen      total 146432K, used 53765K [0x00000000e0000000, 0x00000000ebf00000, 0x0000000100000000)
  eden space 131072K, 29% used [0x00000000e0000000,0x00000000e2648358,0x00000000e8000000)
  from space 15360K, 94% used [0x00000000e8000000,0x00000000e8e392f8,0x00000000e8f00000)
  to   space 16896K, 0% used [0x00000000eae80000,0x00000000eae80000,0x00000000ebf00000)
 ParOldGen       total 92672K, used 26106K [0x00000000a0000000, 0x00000000a5a80000, 0x00000000e0000000)
  object space 92672K, 28% used [0x00000000a0000000,0x00000000a197e8d8,0x00000000a5a80000)
 Metaspace       used 57227K, capacity 59014K, committed 59096K, reserved 1099776K
  class space    used 7886K, capacity 8326K, committed 8408K, reserved 1048576K
Event: 32.914 GC heap after
Heap after GC invocations=14 (full 2):
 PSYoungGen      total 178176K, used 12715K [0x00000000e0000000, 0x00000000ec280000, 0x0000000100000000)
  eden space 161280K, 0% used [0x00000000e0000000,0x00000000e0000000,0x00000000e9d80000)
  from space 16896K, 75% used [0x00000000eae80000,0x00000000ebaeae88,0x00000000ebf00000)
  to   space 17408K, 0% used [0x00000000e9d80000,0x00000000e9d80000,0x00000000eae80000)
 ParOldGen       total 92672K, used 26114K [0x00000000a0000000, 0x00000000a5a80000, 0x00000000e0000000)
  object space 92672K, 28% used [0x00000000a0000000,0x00000000a19808d8,0x00000000a5a80000)
 Metaspace       used 57227K, capacity 59014K, committed 59096K, reserved 1099776K
  class space    used 7886K, capacity 8326K, committed 8408K, reserved 1048576K
}
Event: 32.914 GC heap before
{Heap before GC invocations=15 (full 3):
 PSYoungGen      total 178176K, used 12715K [0x00000000e0000000, 0x00000000ec280000, 0x0000000100000000)
  eden space 161280K, 0% used [0x00000000e0000000,0x00000000e0000000,0x00000000e9d80000)
  from space 16896K, 75% used [0x00000000eae80000,0x00000000ebaeae88,0x00000000ebf00000)
  to   space 17408K, 0% used [0x00000000e9d80000,0x00000000e9d80000,0x00000000eae80000)
 ParOldGen       total 92672K, used 26114K [0x00000000a0000000, 0x00000000a5a80000, 0x00000000e0000000)
  object space 92672K, 28% used [0x00000000a0000000,0x00000000a19808d8,0x00000000a5a80000)
 Metaspace       used 57227K, capacity 59014K, committed 59096K, reserved 1099776K
  class space    used 7886K, capacity 8326K, committed 8408K, reserved 1048576K
Event: 33.327 GC heap after
Heap after GC invocations=15 (full 3):
 PSYoungGen      total 178176K, used 0K [0x00000000e0000000, 0x00000000ec280000, 0x0000000100000000)
  eden space 161280K, 0% used [0x00000000e0000000,0x00000000e0000000,0x00000000e9d80000)
  from space 16896K, 0% used [0x00000000eae80000,0x00000000eae80000,0x00000000ebf00000)
  to   space 17408K, 0% used [0x00000000e9d80000,0x00000000e9d80000,0x00000000eae80000)
 ParOldGen       total 136704K, used 33941K [0x00000000a0000000, 0x00000000a8580000, 0x00000000e0000000)
  object space 136704K, 24% used [0x00000000a0000000,0x00000000a21255f8,0x00000000a8580000)
 Metaspace       used 57227K, capacity 59014K, committed 59096K, reserved 1099776K
  class space    used 7886K, capacity 8326K, committed 8408K, reserved 1048576K
}

