# JRE version: OpenJDK Runtime Environment (8.0_242-b01) (build 1.8.0_242-release-1644-b01)
# Java VM: OpenJDK 64-Bit Server VM (25.242-b01 mixed mode windows-amd64 compressed oops)
Heap:
 PSYoungGen      total 420864K, used 39646K [0x00000000e0000000, 0x0000000100000000, 0x0000000100000000)
  eden space 312320K, 0% used [0x00000000e0000000,0x00000000e0000000,0x00000000f3100000)
  from space 108544K, 36% used [0x00000000f9600000,0x00000000fbcb7be0,0x0000000100000000)
  to   space 103424K, 0% used [0x00000000f3100000,0x00000000f3100000,0x00000000f9600000)
 ParOldGen       total 281600K, used 247543K [0x00000000a0000000, 0x00000000b1300000, 0x00000000e0000000)
  object space 281600K, 87% used [0x00000000a0000000,0x00000000af1bdd10,0x00000000b1300000)
 Metaspace       used 103647K, capacity 109674K, committed 109976K, reserved 1144832K
  class space    used 13368K, capacity 14447K, committed 14512K, reserved 1048576K
GC Heap History (10 events):
Event: 226.538 GC heap after
Heap after GC invocations=29 (full 5):
 PSYoungGen      total 416768K, used 60925K [0x00000000e0000000, 0x0000000100000000, 0x0000000100000000)
  eden space 313344K, 0% used [0x00000000e0000000,0x00000000e0000000,0x00000000f3200000)
  from space 103424K, 58% used [0x00000000f9b00000,0x00000000fd67f7e8,0x0000000100000000)
  to   space 105472K, 0% used [0x00000000f3200000,0x00000000f3200000,0x00000000f9900000)
 ParOldGen       total 281600K, used 220926K [0x00000000a0000000, 0x00000000b1300000, 0x00000000e0000000)
  object space 281600K, 78% used [0x00000000a0000000,0x00000000ad7bf8c8,0x00000000b1300000)
 Metaspace       used 99702K, capacity 105054K, committed 105112K, reserved 1140736K
  class space    used 12962K, capacity 13949K, committed 14000K, reserved 1048576K
}
Event: 232.507 GC heap before
{Heap before GC invocations=30 (full 5):
 PSYoungGen      total 416768K, used 374269K [0x00000000e0000000, 0x0000000100000000, 0x0000000100000000)
  eden space 313344K, 100% used [0x00000000e0000000,0x00000000f3200000,0x00000000f3200000)
  from space 103424K, 58% used [0x00000000f9b00000,0x00000000fd67f7e8,0x0000000100000000)
  to   space 105472K, 0% used [0x00000000f3200000,0x00000000f3200000,0x00000000f9900000)
 ParOldGen       total 281600K, used 220926K [0x00000000a0000000, 0x00000000b1300000, 0x00000000e0000000)
  object space 281600K, 78% used [0x00000000a0000000,0x00000000ad7bf8c8,0x00000000b1300000)
 Metaspace       used 103283K, capacity 109252K, committed 109464K, reserved 1144832K
  class space    used 13347K, capacity 14392K, committed 14512K, reserved 1048576K
Event: 232.601 GC heap after
Heap after GC invocations=30 (full 5):
 PSYoungGen      total 374784K, used 61235K [0x00000000e0000000, 0x0000000100000000, 0x0000000100000000)
  eden space 313344K, 0% used [0x00000000e0000000,0x00000000e0000000,0x00000000f3200000)
  from space 61440K, 99% used [0x00000000f3200000,0x00000000f6dccd80,0x00000000f6e00000)
  to   space 106496K, 0% used [0x00000000f9800000,0x00000000f9800000,0x0000000100000000)
 ParOldGen       total 281600K, used 220934K [0x00000000a0000000, 0x00000000b1300000, 0x00000000e0000000)
  object space 281600K, 78% used [0x00000000a0000000,0x00000000ad7c18c8,0x00000000b1300000)
 Metaspace       used 103283K, capacity 109252K, committed 109464K, reserved 1144832K
  class space    used 13347K, capacity 14392K, committed 14512K, reserved 1048576K
}
Event: 235.559 GC heap before
{Heap before GC invocations=31 (full 5):
 PSYoungGen      total 374784K, used 374579K [0x00000000e0000000, 0x0000000100000000, 0x0000000100000000)
  eden space 313344K, 100% used [0x00000000e0000000,0x00000000f3200000,0x00000000f3200000)
  from space 61440K, 99% used [0x00000000f3200000,0x00000000f6dccd80,0x00000000f6e00000)
  to   space 106496K, 0% used [0x00000000f9800000,0x00000000f9800000,0x0000000100000000)
 ParOldGen       total 281600K, used 220934K [0x00000000a0000000, 0x00000000b1300000, 0x00000000e0000000)
  object space 281600K, 78% used [0x00000000a0000000,0x00000000ad7c18c8,0x00000000b1300000)
 Metaspace       used 103506K, capacity 109480K, committed 109720K, reserved 1144832K
  class space    used 13363K, capacity 14410K, committed 14512K, reserved 1048576K
Event: 235.685 GC heap after
Heap after GC invocations=31 (full 5):
 PSYoungGen      total 415744K, used 62767K [0x00000000e0000000, 0x0000000100000000, 0x0000000100000000)
  eden space 309248K, 0% used [0x00000000e0000000,0x00000000e0000000,0x00000000f2e00000)
  from space 106496K, 58% used [0x00000000f9800000,0x00000000fd54bd00,0x0000000100000000)
  to   space 107520K, 0% used [0x00000000f2e00000,0x00000000f2e00000,0x00000000f9700000)
 ParOldGen       total 281600K, used 220942K [0x00000000a0000000, 0x00000000b1300000, 0x00000000e0000000)
  object space 281600K, 78% used [0x00000000a0000000,0x00000000ad7c38c8,0x00000000b1300000)
 Metaspace       used 103506K, capacity 109480K, committed 109720K, reserved 1144832K
  class space    used 13363K, capacity 14410K, committed 14512K, reserved 1048576K
}
Event: 237.939 GC heap before
{Heap before GC invocations=32 (full 5):
 PSYoungGen      total 415744K, used 372015K [0x00000000e0000000, 0x0000000100000000, 0x0000000100000000)
  eden space 309248K, 100% used [0x00000000e0000000,0x00000000f2e00000,0x00000000f2e00000)
  from space 106496K, 58% used [0x00000000f9800000,0x00000000fd54bd00,0x0000000100000000)
  to   space 107520K, 0% used [0x00000000f2e00000,0x00000000f2e00000,0x00000000f9700000)
 ParOldGen       total 281600K, used 220942K [0x00000000a0000000, 0x00000000b1300000, 0x00000000e0000000)
  object space 281600K, 78% used [0x00000000a0000000,0x00000000ad7c38c8,0x00000000b1300000)
 Metaspace       used 103602K, capacity 109588K, committed 109720K, reserved 1144832K
  class space    used 13366K, capacity 14444K, committed 14512K, reserved 1048576K
Event: 238.143 GC heap after
Heap after GC invocations=32 (full 5):
 PSYoungGen      total 374272K, used 64750K [0x00000000e0000000, 0x0000000100000000, 0x0000000100000000)
  eden space 309248K, 0% used [0x00000000e0000000,0x00000000e0000000,0x00000000f2e00000)
  from space 65024K, 99% used [0x00000000f2e00000,0x00000000f6d3bbe0,0x00000000f6d80000)
  to   space 108544K, 0% used [0x00000000f9600000,0x00000000f9600000,0x0000000100000000)
 ParOldGen       total 281600K, used 220942K [0x00000000a0000000, 0x00000000b1300000, 0x00000000e0000000)
  object space 281600K, 78% used [0x00000000a0000000,0x00000000ad7c38c8,0x00000000b1300000)
 Metaspace       used 103602K, capacity 109588K, committed 109720K, reserved 1144832K
  class space    used 13366K, capacity 14444K, committed 14512K, reserved 1048576K
}
Event: 240.314 GC heap before
{Heap before GC invocations=33 (full 5):
 PSYoungGen      total 374272K, used 373998K [0x00000000e0000000, 0x0000000100000000, 0x0000000100000000)
  eden space 309248K, 100% used [0x00000000e0000000,0x00000000f2e00000,0x00000000f2e00000)
  from space 65024K, 99% used [0x00000000f2e00000,0x00000000f6d3bbe0,0x00000000f6d80000)
  to   space 108544K, 0% used [0x00000000f9600000,0x00000000f9600000,0x0000000100000000)
 ParOldGen       total 281600K, used 220942K [0x00000000a0000000, 0x00000000b1300000, 0x00000000e0000000)
  object space 281600K, 78% used [0x00000000a0000000,0x00000000ad7c38c8,0x00000000b1300000)
 Metaspace       used 103647K, capacity 109674K, committed 109976K, reserved 1144832K
  class space    used 13368K, capacity 14447K, committed 14512K, reserved 1048576K
Event: 240.420 GC heap after
Heap after GC invocations=33 (full 5):
 PSYoungGen      total 420864K, used 39646K [0x00000000e0000000, 0x0000000100000000, 0x0000000100000000)
  eden space 312320K, 0% used [0x00000000e0000000,0x00000000e0000000,0x00000000f3100000)
  from space 108544K, 36% used [0x00000000f9600000,0x00000000fbcb7be0,0x0000000100000000)
  to   space 103424K, 0% used [0x00000000f3100000,0x00000000f3100000,0x00000000f9600000)
 ParOldGen       total 281600K, used 247543K [0x00000000a0000000, 0x00000000b1300000, 0x00000000e0000000)
  object space 281600K, 87% used [0x00000000a0000000,0x00000000af1bdd10,0x00000000b1300000)
 Metaspace       used 103647K, capacity 109674K, committed 109976K, reserved 1144832K
  class space    used 13368K, capacity 14447K, committed 14512K, reserved 1048576K
}
Event: 240.421 GC heap before
{Heap before GC invocations=34 (full 6):
 PSYoungGen      total 420864K, used 39646K [0x00000000e0000000, 0x0000000100000000, 0x0000000100000000)
  eden space 312320K, 0% used [0x00000000e0000000,0x00000000e0000000,0x00000000f3100000)
  from space 108544K, 36% used [0x00000000f9600000,0x00000000fbcb7be0,0x0000000100000000)
  to   space 103424K, 0% used [0x00000000f3100000,0x00000000f3100000,0x00000000f9600000)
 ParOldGen       total 281600K, used 247543K [0x00000000a0000000, 0x00000000b1300000, 0x00000000e0000000)
  object space 281600K, 87% used [0x00000000a0000000,0x00000000af1bdd10,0x00000000b1300000)
 Metaspace       used 103647K, capacity 109674K, committed 109976K, reserved 1144832K
  class space    used 13368K, capacity 14447K, committed 14512K, reserved 1048576K

