# JRE version: OpenJDK Runtime Environment (8.0_212-b04) (build 1.8.0_212-release-1586-b04)
# Java VM: OpenJDK 64-Bit Server VM (25.212-b04 mixed mode windows-amd64 compressed oops)
Heap:
 PSYoungGen      total 267776K, used 201990K [0x00000000e0000000, 0x00000000f5480000, 0x0000000100000000)
  eden space 223232K, 84% used [0x00000000e0000000,0x00000000eb8dd4c8,0x00000000eda00000)
  from space 44544K, 28% used [0x00000000eda00000,0x00000000ee6643c8,0x00000000f0580000)
  to   space 43008K, 0% used [0x00000000f2a80000,0x00000000f2a80000,0x00000000f5480000)
 ParOldGen       total 263680K, used 142181K [0x00000000a0000000, 0x00000000b0180000, 0x00000000e0000000)
  object space 263680K, 53% used [0x00000000a0000000,0x00000000a8ad9768,0x00000000b0180000)
 Metaspace       used 97364K, capacity 101788K, committed 102016K, reserved 1136640K
  class space    used 12877K, capacity 13868K, committed 13952K, reserved 1048576K
GC Heap History (10 events):
Event: 117.182 GC heap before
{Heap before GC invocations=23 (full 3):
 PSYoungGen      total 197120K, used 197004K [0x00000000e0000000, 0x00000000f0100000, 0x0000000100000000)
  eden space 174592K, 99% used [0x00000000e0000000,0x00000000eaa63ff0,0x00000000eaa80000)
  from space 22528K, 99% used [0x00000000eaa80000,0x00000000ec07f038,0x00000000ec080000)
  to   space 28160K, 0% used [0x00000000ee580000,0x00000000ee580000,0x00000000f0100000)
 ParOldGen       total 130048K, used 65868K [0x00000000a0000000, 0x00000000a7f00000, 0x00000000e0000000)
  object space 130048K, 50% used [0x00000000a0000000,0x00000000a4053030,0x00000000a7f00000)
 Metaspace       used 79167K, capacity 82346K, committed 82560K, reserved 1120256K
  class space    used 10888K, capacity 11582K, committed 11648K, reserved 1048576K
Event: 117.359 GC heap after
Heap after GC invocations=23 (full 3):
 PSYoungGen      total 214016K, used 28153K [0x00000000e0000000, 0x00000000f3700000, 0x0000000100000000)
  eden space 185856K, 0% used [0x00000000e0000000,0x00000000e0000000,0x00000000eb580000)
  from space 28160K, 99% used [0x00000000ee580000,0x00000000f00fe4f0,0x00000000f0100000)
  to   space 49152K, 0% used [0x00000000eb580000,0x00000000eb580000,0x00000000ee580000)
 ParOldGen       total 130048K, used 111888K [0x00000000a0000000, 0x00000000a7f00000, 0x00000000e0000000)
  object space 130048K, 86% used [0x00000000a0000000,0x00000000a6d44000,0x00000000a7f00000)
 Metaspace       used 79167K, capacity 82346K, committed 82560K, reserved 1120256K
  class space    used 10888K, capacity 11582K, committed 11648K, reserved 1048576K
}
Event: 117.359 GC heap before
{Heap before GC invocations=24 (full 4):
 PSYoungGen      total 214016K, used 28153K [0x00000000e0000000, 0x00000000f3700000, 0x0000000100000000)
  eden space 185856K, 0% used [0x00000000e0000000,0x00000000e0000000,0x00000000eb580000)
  from space 28160K, 99% used [0x00000000ee580000,0x00000000f00fe4f0,0x00000000f0100000)
  to   space 49152K, 0% used [0x00000000eb580000,0x00000000eb580000,0x00000000ee580000)
 ParOldGen       total 130048K, used 111888K [0x00000000a0000000, 0x00000000a7f00000, 0x00000000e0000000)
  object space 130048K, 86% used [0x00000000a0000000,0x00000000a6d44000,0x00000000a7f00000)
 Metaspace       used 79167K, capacity 82346K, committed 82560K, reserved 1120256K
  class space    used 10888K, capacity 11582K, committed 11648K, reserved 1048576K
Event: 118.291 GC heap after
Heap after GC invocations=24 (full 4):
 PSYoungGen      total 214016K, used 0K [0x00000000e0000000, 0x00000000f3700000, 0x0000000100000000)
  eden space 185856K, 0% used [0x00000000e0000000,0x00000000e0000000,0x00000000eb580000)
  from space 28160K, 0% used [0x00000000ee580000,0x00000000ee580000,0x00000000f0100000)
  to   space 49152K, 0% used [0x00000000eb580000,0x00000000eb580000,0x00000000ee580000)
 ParOldGen       total 263680K, used 124865K [0x00000000a0000000, 0x00000000b0180000, 0x00000000e0000000)
  object space 263680K, 47% used [0x00000000a0000000,0x00000000a79f0678,0x00000000b0180000)
 Metaspace       used 79044K, capacity 82008K, committed 82560K, reserved 1120256K
  class space    used 10847K, capacity 11509K, committed 11648K, reserved 1048576K
}
Event: 123.050 GC heap before
{Heap before GC invocations=25 (full 4):
 PSYoungGen      total 214016K, used 185638K [0x00000000e0000000, 0x00000000f3700000, 0x0000000100000000)
  eden space 185856K, 99% used [0x00000000e0000000,0x00000000eb549a08,0x00000000eb580000)
  from space 28160K, 0% used [0x00000000ee580000,0x00000000ee580000,0x00000000f0100000)
  to   space 49152K, 0% used [0x00000000eb580000,0x00000000eb580000,0x00000000ee580000)
 ParOldGen       total 263680K, used 124865K [0x00000000a0000000, 0x00000000b0180000, 0x00000000e0000000)
  object space 263680K, 47% used [0x00000000a0000000,0x00000000a79f0678,0x00000000b0180000)
 Metaspace       used 80435K, capacity 83386K, committed 83584K, reserved 1122304K
  class space    used 10985K, capacity 11632K, committed 11648K, reserved 1048576K
Event: 123.077 GC heap after
Heap after GC invocations=25 (full 4):
 PSYoungGen      total 235008K, used 13060K [0x00000000e0000000, 0x00000000f3a00000, 0x0000000100000000)
  eden space 185856K, 0% used [0x00000000e0000000,0x00000000e0000000,0x00000000eb580000)
  from space 49152K, 26% used [0x00000000eb580000,0x00000000ec241170,0x00000000ee580000)
  to   space 47104K, 0% used [0x00000000f0c00000,0x00000000f0c00000,0x00000000f3a00000)
 ParOldGen       total 263680K, used 124873K [0x00000000a0000000, 0x00000000b0180000, 0x00000000e0000000)
  object space 263680K, 47% used [0x00000000a0000000,0x00000000a79f2678,0x00000000b0180000)
 Metaspace       used 80435K, capacity 83386K, committed 83584K, reserved 1122304K
  class space    used 10985K, capacity 11632K, committed 11648K, reserved 1048576K
}
Event: 2067.278 GC heap before
{Heap before GC invocations=26 (full 4):
 PSYoungGen      total 235008K, used 198916K [0x00000000e0000000, 0x00000000f3a00000, 0x0000000100000000)
  eden space 185856K, 100% used [0x00000000e0000000,0x00000000eb580000,0x00000000eb580000)
  from space 49152K, 26% used [0x00000000eb580000,0x00000000ec241170,0x00000000ee580000)
  to   space 47104K, 0% used [0x00000000f0c00000,0x00000000f0c00000,0x00000000f3a00000)
 ParOldGen       total 263680K, used 124873K [0x00000000a0000000, 0x00000000b0180000, 0x00000000e0000000)
  object space 263680K, 47% used [0x00000000a0000000,0x00000000a79f2678,0x00000000b0180000)
 Metaspace       used 89227K, capacity 92794K, committed 92928K, reserved 1130496K
  class space    used 11928K, capacity 12714K, committed 12800K, reserved 1048576K
Event: 2073.919 GC heap after
Heap after GC invocations=26 (full 4):
 PSYoungGen      total 261120K, used 18578K [0x00000000e0000000, 0x00000000f3100000, 0x0000000100000000)
  eden space 223232K, 0% used [0x00000000e0000000,0x00000000e0000000,0x00000000eda00000)
  from space 37888K, 49% used [0x00000000f0c00000,0x00000000f1e24880,0x00000000f3100000)
  to   space 44544K, 0% used [0x00000000eda00000,0x00000000eda00000,0x00000000f0580000)
 ParOldGen       total 263680K, used 136618K [0x00000000a0000000, 0x00000000b0180000, 0x00000000e0000000)
  object space 263680K, 51% used [0x00000000a0000000,0x00000000a856ab00,0x00000000b0180000)
 Metaspace       used 89227K, capacity 92794K, committed 92928K, reserved 1130496K
  class space    used 11928K, capacity 12714K, committed 12800K, reserved 1048576K
}
Event: 2198.199 GC heap before
{Heap before GC invocations=27 (full 4):
 PSYoungGen      total 261120K, used 241810K [0x00000000e0000000, 0x00000000f3100000, 0x0000000100000000)
  eden space 223232K, 100% used [0x00000000e0000000,0x00000000eda00000,0x00000000eda00000)
  from space 37888K, 49% used [0x00000000f0c00000,0x00000000f1e24880,0x00000000f3100000)
  to   space 44544K, 0% used [0x00000000eda00000,0x00000000eda00000,0x00000000f0580000)
 ParOldGen       total 263680K, used 136618K [0x00000000a0000000, 0x00000000b0180000, 0x00000000e0000000)
  object space 263680K, 51% used [0x00000000a0000000,0x00000000a856ab00,0x00000000b0180000)
 Metaspace       used 95976K, capacity 100356K, committed 100608K, reserved 1136640K
  class space    used 12762K, capacity 13776K, committed 13824K, reserved 1048576K
Event: 2198.333 GC heap after
Heap after GC invocations=27 (full 4):
 PSYoungGen      total 267776K, used 12688K [0x00000000e0000000, 0x00000000f5480000, 0x0000000100000000)
  eden space 223232K, 0% used [0x00000000e0000000,0x00000000e0000000,0x00000000eda00000)
  from space 44544K, 28% used [0x00000000eda00000,0x00000000ee6643c8,0x00000000f0580000)
  to   space 43008K, 0% used [0x00000000f2a80000,0x00000000f2a80000,0x00000000f5480000)
 ParOldGen       total 263680K, used 142181K [0x00000000a0000000, 0x00000000b0180000, 0x00000000e0000000)
  object space 263680K, 53% used [0x00000000a0000000,0x00000000a8ad9768,0x00000000b0180000)
 Metaspace       used 95976K, capacity 100356K, committed 100608K, reserved 1136640K
  class space    used 12762K, capacity 13776K, committed 13824K, reserved 1048576K
}

