# JRE version: OpenJDK Runtime Environment (8.0_212-b04) (build 1.8.0_212-release-1586-b04)
# Java VM: OpenJDK 64-Bit Server VM (25.212-b04 mixed mode windows-amd64 compressed oops)
Heap:
 PSYoungGen      total 475648K, used 278655K [0x00000000e0000000, 0x00000000ffc00000, 0x0000000100000000)
  eden space 435200K, 59% used [0x00000000e0000000,0x00000000efd89690,0x00000000fa900000)
  from space 40448K, 47% used [0x00000000fd480000,0x00000000fe716588,0x00000000ffc00000)
  to   space 42496K, 0% used [0x00000000fa900000,0x00000000fa900000,0x00000000fd280000)
 ParOldGen       total 224768K, used 135270K [0x00000000a0000000, 0x00000000adb80000, 0x00000000e0000000)
  object space 224768K, 60% used [0x00000000a0000000,0x00000000a8419be0,0x00000000adb80000)
 Metaspace       used 126667K, capacity 136018K, committed 136232K, reserved 1167360K
  class space    used 16532K, capacity 18345K, committed 18472K, reserved 1048576K
GC Heap History (10 events):
Event: 3517.504 GC heap before
{Heap before GC invocations=34 (full 4):
 PSYoungGen      total 477184K, used 450492K [0x00000000e0000000, 0x0000000100000000, 0x0000000100000000)
  eden space 430080K, 100% used [0x00000000e0000000,0x00000000fa400000,0x00000000fa400000)
  from space 47104K, 43% used [0x00000000fa400000,0x00000000fb7ef3d8,0x00000000fd200000)
  to   space 45568K, 0% used [0x00000000fd380000,0x00000000fd380000,0x0000000100000000)
 ParOldGen       total 224768K, used 135230K [0x00000000a0000000, 0x00000000adb80000, 0x00000000e0000000)
  object space 224768K, 60% used [0x00000000a0000000,0x00000000a840fbe0,0x00000000adb80000)
 Metaspace       used 124890K, capacity 132478K, committed 132648K, reserved 1163264K
  class space    used 16259K, capacity 17845K, committed 17960K, reserved 1048576K
Event: 3517.573 GC heap after
Heap after GC invocations=34 (full 4):
 PSYoungGen      total 474624K, used 36058K [0x00000000e0000000, 0x0000000100000000, 0x0000000100000000)
  eden space 429056K, 0% used [0x00000000e0000000,0x00000000e0000000,0x00000000fa300000)
  from space 45568K, 79% used [0x00000000fd380000,0x00000000ff6b68d0,0x0000000100000000)
  to   space 47616K, 0% used [0x00000000fa300000,0x00000000fa300000,0x00000000fd180000)
 ParOldGen       total 224768K, used 135238K [0x00000000a0000000, 0x00000000adb80000, 0x00000000e0000000)
  object space 224768K, 60% used [0x00000000a0000000,0x00000000a8411be0,0x00000000adb80000)
 Metaspace       used 124890K, capacity 132478K, committed 132648K, reserved 1163264K
  class space    used 16259K, capacity 17845K, committed 17960K, reserved 1048576K
}
Event: 3592.114 GC heap before
{Heap before GC invocations=35 (full 4):
 PSYoungGen      total 474624K, used 465114K [0x00000000e0000000, 0x0000000100000000, 0x0000000100000000)
  eden space 429056K, 100% used [0x00000000e0000000,0x00000000fa300000,0x00000000fa300000)
  from space 45568K, 79% used [0x00000000fd380000,0x00000000ff6b68d0,0x0000000100000000)
  to   space 47616K, 0% used [0x00000000fa300000,0x00000000fa300000,0x00000000fd180000)
 ParOldGen       total 224768K, used 135238K [0x00000000a0000000, 0x00000000adb80000, 0x00000000e0000000)
  object space 224768K, 60% used [0x00000000a0000000,0x00000000a8411be0,0x00000000adb80000)
 Metaspace       used 125040K, capacity 132708K, committed 132904K, reserved 1165312K
  class space    used 16266K, capacity 17858K, committed 17960K, reserved 1048576K
Event: 3592.143 GC heap after
Heap after GC invocations=35 (full 4):
 PSYoungGen      total 476672K, used 20479K [0x00000000e0000000, 0x0000000100000000, 0x0000000100000000)
  eden space 429056K, 0% used [0x00000000e0000000,0x00000000e0000000,0x00000000fa300000)
  from space 47616K, 43% used [0x00000000fa300000,0x00000000fb6ffdc0,0x00000000fd180000)
  to   space 46592K, 0% used [0x00000000fd280000,0x00000000fd280000,0x0000000100000000)
 ParOldGen       total 224768K, used 135246K [0x00000000a0000000, 0x00000000adb80000, 0x00000000e0000000)
  object space 224768K, 60% used [0x00000000a0000000,0x00000000a8413be0,0x00000000adb80000)
 Metaspace       used 125040K, capacity 132708K, committed 132904K, reserved 1165312K
  class space    used 16266K, capacity 17858K, committed 17960K, reserved 1048576K
}
Event: 3694.236 GC heap before
{Heap before GC invocations=36 (full 4):
 PSYoungGen      total 476672K, used 449535K [0x00000000e0000000, 0x0000000100000000, 0x0000000100000000)
  eden space 429056K, 100% used [0x00000000e0000000,0x00000000fa300000,0x00000000fa300000)
  from space 47616K, 43% used [0x00000000fa300000,0x00000000fb6ffdc0,0x00000000fd180000)
  to   space 46592K, 0% used [0x00000000fd280000,0x00000000fd280000,0x0000000100000000)
 ParOldGen       total 224768K, used 135246K [0x00000000a0000000, 0x00000000adb80000, 0x00000000e0000000)
  object space 224768K, 60% used [0x00000000a0000000,0x00000000a8413be0,0x00000000adb80000)
 Metaspace       used 125952K, capacity 134680K, committed 134952K, reserved 1165312K
  class space    used 16439K, capacity 18176K, committed 18216K, reserved 1048576K
Event: 3694.336 GC heap after
Heap after GC invocations=36 (full 4):
 PSYoungGen      total 471552K, used 23748K [0x00000000e0000000, 0x00000000ffb00000, 0x0000000100000000)
  eden space 430080K, 0% used [0x00000000e0000000,0x00000000e0000000,0x00000000fa400000)
  from space 41472K, 57% used [0x00000000fd280000,0x00000000fe9b12c8,0x00000000ffb00000)
  to   space 44544K, 0% used [0x00000000fa400000,0x00000000fa400000,0x00000000fcf80000)
 ParOldGen       total 224768K, used 135254K [0x00000000a0000000, 0x00000000adb80000, 0x00000000e0000000)
  object space 224768K, 60% used [0x00000000a0000000,0x00000000a8415be0,0x00000000adb80000)
 Metaspace       used 125952K, capacity 134680K, committed 134952K, reserved 1165312K
  class space    used 16439K, capacity 18176K, committed 18216K, reserved 1048576K
}
Event: 3741.602 GC heap before
{Heap before GC invocations=37 (full 4):
 PSYoungGen      total 471552K, used 453828K [0x00000000e0000000, 0x00000000ffb00000, 0x0000000100000000)
  eden space 430080K, 100% used [0x00000000e0000000,0x00000000fa400000,0x00000000fa400000)
  from space 41472K, 57% used [0x00000000fd280000,0x00000000fe9b12c8,0x00000000ffb00000)
  to   space 44544K, 0% used [0x00000000fa400000,0x00000000fa400000,0x00000000fcf80000)
 ParOldGen       total 224768K, used 135254K [0x00000000a0000000, 0x00000000adb80000, 0x00000000e0000000)
  object space 224768K, 60% used [0x00000000a0000000,0x00000000a8415be0,0x00000000adb80000)
 Metaspace       used 126291K, capacity 135404K, committed 135592K, reserved 1167360K
  class space    used 16498K, capacity 18286K, committed 18344K, reserved 1048576K
Event: 3741.634 GC heap after
Heap after GC invocations=37 (full 4):
 PSYoungGen      total 474624K, used 26964K [0x00000000e0000000, 0x00000000fff00000, 0x0000000100000000)
  eden space 430080K, 0% used [0x00000000e0000000,0x00000000e0000000,0x00000000fa400000)
  from space 44544K, 60% used [0x00000000fa400000,0x00000000fbe55318,0x00000000fcf80000)
  to   space 43520K, 0% used [0x00000000fd480000,0x00000000fd480000,0x00000000fff00000)
 ParOldGen       total 224768K, used 135262K [0x00000000a0000000, 0x00000000adb80000, 0x00000000e0000000)
  object space 224768K, 60% used [0x00000000a0000000,0x00000000a8417be0,0x00000000adb80000)
 Metaspace       used 126291K, capacity 135404K, committed 135592K, reserved 1167360K
  class space    used 16498K, capacity 18286K, committed 18344K, reserved 1048576K
}
Event: 3849.063 GC heap before
{Heap before GC invocations=38 (full 4):
 PSYoungGen      total 474624K, used 457044K [0x00000000e0000000, 0x00000000fff00000, 0x0000000100000000)
  eden space 430080K, 100% used [0x00000000e0000000,0x00000000fa400000,0x00000000fa400000)
  from space 44544K, 60% used [0x00000000fa400000,0x00000000fbe55318,0x00000000fcf80000)
  to   space 43520K, 0% used [0x00000000fd480000,0x00000000fd480000,0x00000000fff00000)
 ParOldGen       total 224768K, used 135262K [0x00000000a0000000, 0x00000000adb80000, 0x00000000e0000000)
  object space 224768K, 60% used [0x00000000a0000000,0x00000000a8417be0,0x00000000adb80000)
 Metaspace       used 126604K, capacity 135886K, committed 136232K, reserved 1167360K
  class space    used 16532K, capacity 18345K, committed 18472K, reserved 1048576K
Event: 3849.100 GC heap after
Heap after GC invocations=38 (full 4):
 PSYoungGen      total 475648K, used 19033K [0x00000000e0000000, 0x00000000ffc00000, 0x0000000100000000)
  eden space 435200K, 0% used [0x00000000e0000000,0x00000000e0000000,0x00000000fa900000)
  from space 40448K, 47% used [0x00000000fd480000,0x00000000fe716588,0x00000000ffc00000)
  to   space 42496K, 0% used [0x00000000fa900000,0x00000000fa900000,0x00000000fd280000)
 ParOldGen       total 224768K, used 135270K [0x00000000a0000000, 0x00000000adb80000, 0x00000000e0000000)
  object space 224768K, 60% used [0x00000000a0000000,0x00000000a8419be0,0x00000000adb80000)
 Metaspace       used 126604K, capacity 135886K, committed 136232K, reserved 1167360K
  class space    used 16532K, capacity 18345K, committed 18472K, reserved 1048576K
}

