# JRE version: OpenJDK Runtime Environment (8.0_242-b01) (build 1.8.0_242-release-1644-b01)
# Java VM: OpenJDK 64-Bit Server VM (25.242-b01 mixed mode windows-amd64 compressed oops)
Heap:
 PSYoungGen      total 451584K, used 233914K [0x00000000e0000000, 0x0000000100000000, 0x0000000100000000)
  eden space 387072K, 54% used [0x00000000e0000000,0x00000000ecdeab20,0x00000000f7a00000)
  from space 64512K, 35% used [0x00000000f7a00000,0x00000000f9083fb0,0x00000000fb900000)
  to   space 62464K, 0% used [0x00000000fc300000,0x00000000fc300000,0x0000000100000000)
 ParOldGen       total 427520K, used 364728K [0x00000000a0000000, 0x00000000ba180000, 0x00000000e0000000)
  object space 427520K, 85% used [0x00000000a0000000,0x00000000b642e0e8,0x00000000ba180000)
 Metaspace       used 126157K, capacity 135998K, committed 141232K, reserved 1173504K
  class space    used 15539K, capacity 17164K, committed 18096K, reserved 1048576K
GC Heap History (10 events):
Event: 27551.852 GC heap before
{Heap before GC invocations=154 (full 11):
 PSYoungGen      total 451584K, used 388224K [0x00000000e0000000, 0x00000000ff680000, 0x0000000100000000)
  eden space 386560K, 100% used [0x00000000e0000000,0x00000000f7980000,0x00000000f7980000)
  from space 65024K, 2% used [0x00000000fb700000,0x00000000fb8a0000,0x00000000ff680000)
  to   space 62976K, 0% used [0x00000000f7980000,0x00000000f7980000,0x00000000fb700000)
 ParOldGen       total 427520K, used 321904K [0x00000000a0000000, 0x00000000ba180000, 0x00000000e0000000)
  object space 427520K, 75% used [0x00000000a0000000,0x00000000b3a5c048,0x00000000ba180000)
 Metaspace       used 125826K, capacity 135368K, committed 141232K, reserved 1173504K
  class space    used 15518K, capacity 17125K, committed 18096K, reserved 1048576K
Event: 27551.875 GC heap after
Heap after GC invocations=154 (full 11):
 PSYoungGen      total 449536K, used 7215K [0x00000000e0000000, 0x00000000ff500000, 0x0000000100000000)
  eden space 386560K, 0% used [0x00000000e0000000,0x00000000e0000000,0x00000000f7980000)
  from space 62976K, 11% used [0x00000000f7980000,0x00000000f808bdc0,0x00000000fb700000)
  to   space 58368K, 0% used [0x00000000fbc00000,0x00000000fbc00000,0x00000000ff500000)
 ParOldGen       total 427520K, used 323392K [0x00000000a0000000, 0x00000000ba180000, 0x00000000e0000000)
  object space 427520K, 75% used [0x00000000a0000000,0x00000000b3bd0048,0x00000000ba180000)
 Metaspace       used 125826K, capacity 135368K, committed 141232K, reserved 1173504K
  class space    used 15518K, capacity 17125K, committed 18096K, reserved 1048576K
}
Event: 27553.602 GC heap before
{Heap before GC invocations=155 (full 11):
 PSYoungGen      total 449536K, used 393775K [0x00000000e0000000, 0x00000000ff500000, 0x0000000100000000)
  eden space 386560K, 100% used [0x00000000e0000000,0x00000000f7980000,0x00000000f7980000)
  from space 62976K, 11% used [0x00000000f7980000,0x00000000f808bdc0,0x00000000fb700000)
  to   space 58368K, 0% used [0x00000000fbc00000,0x00000000fbc00000,0x00000000ff500000)
 ParOldGen       total 427520K, used 323392K [0x00000000a0000000, 0x00000000ba180000, 0x00000000e0000000)
  object space 427520K, 75% used [0x00000000a0000000,0x00000000b3bd0048,0x00000000ba180000)
 Metaspace       used 125853K, capacity 135436K, committed 141232K, reserved 1173504K
  class space    used 15518K, capacity 17125K, committed 18096K, reserved 1048576K
Event: 27553.744 GC heap after
Heap after GC invocations=155 (full 11):
 PSYoungGen      total 443904K, used 52819K [0x00000000e0000000, 0x0000000100000000, 0x0000000100000000)
  eden space 385536K, 0% used [0x00000000e0000000,0x00000000e0000000,0x00000000f7880000)
  from space 58368K, 90% used [0x00000000fbc00000,0x00000000fef94fe0,0x00000000ff500000)
  to   space 69120K, 0% used [0x00000000f7880000,0x00000000f7880000,0x00000000fbc00000)
 ParOldGen       total 427520K, used 329851K [0x00000000a0000000, 0x00000000ba180000, 0x00000000e0000000)
  object space 427520K, 77% used [0x00000000a0000000,0x00000000b421ecd8,0x00000000ba180000)
 Metaspace       used 125853K, capacity 135436K, committed 141232K, reserved 1173504K
  class space    used 15518K, capacity 17125K, committed 18096K, reserved 1048576K
}
Event: 30164.334 GC heap before
{Heap before GC invocations=156 (full 11):
 PSYoungGen      total 443904K, used 438355K [0x00000000e0000000, 0x0000000100000000, 0x0000000100000000)
  eden space 385536K, 100% used [0x00000000e0000000,0x00000000f7880000,0x00000000f7880000)
  from space 58368K, 90% used [0x00000000fbc00000,0x00000000fef94fe0,0x00000000ff500000)
  to   space 69120K, 0% used [0x00000000f7880000,0x00000000f7880000,0x00000000fbc00000)
 ParOldGen       total 427520K, used 329851K [0x00000000a0000000, 0x00000000ba180000, 0x00000000e0000000)
  object space 427520K, 77% used [0x00000000a0000000,0x00000000b421ecd8,0x00000000ba180000)
 Metaspace       used 125906K, capacity 135650K, committed 141232K, reserved 1173504K
  class space    used 15520K, capacity 17128K, committed 18096K, reserved 1048576K
Event: 30164.431 GC heap after
Heap after GC invocations=156 (full 11):
 PSYoungGen      total 454656K, used 26465K [0x00000000e0000000, 0x0000000100000000, 0x0000000100000000)
  eden space 385536K, 0% used [0x00000000e0000000,0x00000000e0000000,0x00000000f7880000)
  from space 69120K, 38% used [0x00000000f7880000,0x00000000f92586a8,0x00000000fbc00000)
  to   space 68096K, 0% used [0x00000000fbd80000,0x00000000fbd80000,0x0000000100000000)
 ParOldGen       total 427520K, used 361709K [0x00000000a0000000, 0x00000000ba180000, 0x00000000e0000000)
  object space 427520K, 84% used [0x00000000a0000000,0x00000000b613b508,0x00000000ba180000)
 Metaspace       used 125906K, capacity 135650K, committed 141232K, reserved 1173504K
  class space    used 15520K, capacity 17128K, committed 18096K, reserved 1048576K
}
Event: 30297.866 GC heap before
{Heap before GC invocations=157 (full 11):
 PSYoungGen      total 454656K, used 412001K [0x00000000e0000000, 0x0000000100000000, 0x0000000100000000)
  eden space 385536K, 100% used [0x00000000e0000000,0x00000000f7880000,0x00000000f7880000)
  from space 69120K, 38% used [0x00000000f7880000,0x00000000f92586a8,0x00000000fbc00000)
  to   space 68096K, 0% used [0x00000000fbd80000,0x00000000fbd80000,0x0000000100000000)
 ParOldGen       total 427520K, used 361709K [0x00000000a0000000, 0x00000000ba180000, 0x00000000e0000000)
  object space 427520K, 84% used [0x00000000a0000000,0x00000000b613b508,0x00000000ba180000)
 Metaspace       used 125999K, capacity 135812K, committed 141232K, reserved 1173504K
  class space    used 15534K, capacity 17155K, committed 18096K, reserved 1048576K
Event: 30297.899 GC heap after
Heap after GC invocations=157 (full 11):
 PSYoungGen      total 446976K, used 7120K [0x00000000e0000000, 0x00000000ff800000, 0x0000000100000000)
  eden space 387072K, 0% used [0x00000000e0000000,0x00000000e0000000,0x00000000f7a00000)
  from space 59904K, 11% used [0x00000000fbd80000,0x00000000fc474010,0x00000000ff800000)
  to   space 64512K, 0% used [0x00000000f7a00000,0x00000000f7a00000,0x00000000fb900000)
 ParOldGen       total 427520K, used 364656K [0x00000000a0000000, 0x00000000ba180000, 0x00000000e0000000)
  object space 427520K, 85% used [0x00000000a0000000,0x00000000b641c0e8,0x00000000ba180000)
 Metaspace       used 125999K, capacity 135812K, committed 141232K, reserved 1173504K
  class space    used 15534K, capacity 17155K, committed 18096K, reserved 1048576K
}
Event: 30396.467 GC heap before
{Heap before GC invocations=158 (full 11):
 PSYoungGen      total 446976K, used 394192K [0x00000000e0000000, 0x00000000ff800000, 0x0000000100000000)
  eden space 387072K, 100% used [0x00000000e0000000,0x00000000f7a00000,0x00000000f7a00000)
  from space 59904K, 11% used [0x00000000fbd80000,0x00000000fc474010,0x00000000ff800000)
  to   space 64512K, 0% used [0x00000000f7a00000,0x00000000f7a00000,0x00000000fb900000)
 ParOldGen       total 427520K, used 364656K [0x00000000a0000000, 0x00000000ba180000, 0x00000000e0000000)
  object space 427520K, 85% used [0x00000000a0000000,0x00000000b641c0e8,0x00000000ba180000)
 Metaspace       used 126064K, capacity 135866K, committed 141232K, reserved 1173504K
  class space    used 15539K, capacity 17164K, committed 18096K, reserved 1048576K
Event: 30396.497 GC heap after
Heap after GC invocations=158 (full 11):
 PSYoungGen      total 451584K, used 23055K [0x00000000e0000000, 0x0000000100000000, 0x0000000100000000)
  eden space 387072K, 0% used [0x00000000e0000000,0x00000000e0000000,0x00000000f7a00000)
  from space 64512K, 35% used [0x00000000f7a00000,0x00000000f9083fb0,0x00000000fb900000)
  to   space 62464K, 0% used [0x00000000fc300000,0x00000000fc300000,0x0000000100000000)
 ParOldGen       total 427520K, used 364728K [0x00000000a0000000, 0x00000000ba180000, 0x00000000e0000000)
  object space 427520K, 85% used [0x00000000a0000000,0x00000000b642e0e8,0x00000000ba180000)
 Metaspace       used 126064K, capacity 135866K, committed 141232K, reserved 1173504K
  class space    used 15539K, capacity 17164K, committed 18096K, reserved 1048576K
}

