# JRE version: OpenJDK Runtime Environment (8.0_242-b01) (build 1.8.0_242-release-1644-b01)
# Java VM: OpenJDK 64-Bit Server VM (25.242-b01 mixed mode windows-amd64 compressed oops)
Heap:
 PSYoungGen      total 422400K, used 271391K [0x00000000e0000000, 0x00000000ff900000, 0x0000000100000000)
  eden space 333824K, 78% used [0x00000000e0000000,0x00000000f011bd50,0x00000000f4600000)
  from space 88576K, 9% used [0x00000000fa280000,0x00000000faa6c118,0x00000000ff900000)
  to   space 91648K, 0% used [0x00000000f4600000,0x00000000f4600000,0x00000000f9f80000)
 ParOldGen       total 227328K, used 155978K [0x00000000a0000000, 0x00000000ade00000, 0x00000000e0000000)
  object space 227328K, 68% used [0x00000000a0000000,0x00000000a9852ad0,0x00000000ade00000)
 Metaspace       used 107765K, capacity 115350K, committed 115624K, reserved 1150976K
  class space    used 13638K, capacity 14934K, committed 15016K, reserved 1048576K
GC Heap History (10 events):
Event: 1033.187 GC heap before
{Heap before GC invocations=43 (full 5):
 PSYoungGen      total 414720K, used 329477K [0x00000000e0000000, 0x0000000100000000, 0x0000000100000000)
  eden space 313856K, 100% used [0x00000000e0000000,0x00000000f3280000,0x00000000f3280000)
  from space 100864K, 15% used [0x00000000f3280000,0x00000000f41c14f0,0x00000000f9500000)
  to   space 97792K, 0% used [0x00000000fa080000,0x00000000fa080000,0x0000000100000000)
 ParOldGen       total 227328K, used 148810K [0x00000000a0000000, 0x00000000ade00000, 0x00000000e0000000)
  object space 227328K, 65% used [0x00000000a0000000,0x00000000a9152a50,0x00000000ade00000)
 Metaspace       used 106180K, capacity 112382K, committed 112680K, reserved 1146880K
  class space    used 13409K, capacity 14516K, committed 14632K, reserved 1048576K
Event: 1033.325 GC heap after
Heap after GC invocations=43 (full 5):
 PSYoungGen      total 419328K, used 60264K [0x00000000e0000000, 0x0000000100000000, 0x0000000100000000)
  eden space 321536K, 0% used [0x00000000e0000000,0x00000000e0000000,0x00000000f3a00000)
  from space 97792K, 61% used [0x00000000fa080000,0x00000000fdb5a1f0,0x0000000100000000)
  to   space 101376K, 0% used [0x00000000f3a00000,0x00000000f3a00000,0x00000000f9d00000)
 ParOldGen       total 227328K, used 153403K [0x00000000a0000000, 0x00000000ade00000, 0x00000000e0000000)
  object space 227328K, 67% used [0x00000000a0000000,0x00000000a95cec38,0x00000000ade00000)
 Metaspace       used 106180K, capacity 112382K, committed 112680K, reserved 1146880K
  class space    used 13409K, capacity 14516K, committed 14632K, reserved 1048576K
}
Event: 1035.332 GC heap before
{Heap before GC invocations=44 (full 5):
 PSYoungGen      total 419328K, used 381800K [0x00000000e0000000, 0x0000000100000000, 0x0000000100000000)
  eden space 321536K, 100% used [0x00000000e0000000,0x00000000f3a00000,0x00000000f3a00000)
  from space 97792K, 61% used [0x00000000fa080000,0x00000000fdb5a1f0,0x0000000100000000)
  to   space 101376K, 0% used [0x00000000f3a00000,0x00000000f3a00000,0x00000000f9d00000)
 ParOldGen       total 227328K, used 153403K [0x00000000a0000000, 0x00000000ade00000, 0x00000000e0000000)
  object space 227328K, 67% used [0x00000000a0000000,0x00000000a95cec38,0x00000000ade00000)
 Metaspace       used 106211K, capacity 112418K, committed 112680K, reserved 1146880K
  class space    used 13412K, capacity 14522K, committed 14632K, reserved 1048576K
Event: 1035.402 GC heap after
Heap after GC invocations=44 (full 5):
 PSYoungGen      total 422912K, used 47538K [0x00000000e0000000, 0x00000000fff80000, 0x0000000100000000)
  eden space 321536K, 0% used [0x00000000e0000000,0x00000000e0000000,0x00000000f3a00000)
  from space 101376K, 46% used [0x00000000f3a00000,0x00000000f686c8f0,0x00000000f9d00000)
  to   space 99328K, 0% used [0x00000000f9e80000,0x00000000f9e80000,0x00000000fff80000)
 ParOldGen       total 227328K, used 155028K [0x00000000a0000000, 0x00000000ade00000, 0x00000000e0000000)
  object space 227328K, 68% used [0x00000000a0000000,0x00000000a97650c0,0x00000000ade00000)
 Metaspace       used 106211K, capacity 112418K, committed 112680K, reserved 1146880K
  class space    used 13412K, capacity 14522K, committed 14632K, reserved 1048576K
}
Event: 1055.449 GC heap before
{Heap before GC invocations=45 (full 5):
 PSYoungGen      total 422912K, used 369074K [0x00000000e0000000, 0x00000000fff80000, 0x0000000100000000)
  eden space 321536K, 100% used [0x00000000e0000000,0x00000000f3a00000,0x00000000f3a00000)
  from space 101376K, 46% used [0x00000000f3a00000,0x00000000f686c8f0,0x00000000f9d00000)
  to   space 99328K, 0% used [0x00000000f9e80000,0x00000000f9e80000,0x00000000fff80000)
 ParOldGen       total 227328K, used 155028K [0x00000000a0000000, 0x00000000ade00000, 0x00000000e0000000)
  object space 227328K, 68% used [0x00000000a0000000,0x00000000a97650c0,0x00000000ade00000)
 Metaspace       used 106497K, capacity 112974K, committed 113192K, reserved 1148928K
  class space    used 13444K, capacity 14582K, committed 14632K, reserved 1048576K
Event: 1055.464 GC heap after
Heap after GC invocations=45 (full 5):
 PSYoungGen      total 416256K, used 15715K [0x00000000e0000000, 0x00000000ff900000, 0x0000000100000000)
  eden space 323584K, 0% used [0x00000000e0000000,0x00000000e0000000,0x00000000f3c00000)
  from space 92672K, 16% used [0x00000000f9e80000,0x00000000fadd8ea8,0x00000000ff900000)
  to   space 96768K, 0% used [0x00000000f3c00000,0x00000000f3c00000,0x00000000f9a80000)
 ParOldGen       total 227328K, used 155100K [0x00000000a0000000, 0x00000000ade00000, 0x00000000e0000000)
  object space 227328K, 68% used [0x00000000a0000000,0x00000000a97770c0,0x00000000ade00000)
 Metaspace       used 106497K, capacity 112974K, committed 113192K, reserved 1148928K
  class space    used 13444K, capacity 14582K, committed 14632K, reserved 1048576K
}
Event: 1348.019 GC heap before
{Heap before GC invocations=46 (full 5):
 PSYoungGen      total 416256K, used 339299K [0x00000000e0000000, 0x00000000ff900000, 0x0000000100000000)
  eden space 323584K, 100% used [0x00000000e0000000,0x00000000f3c00000,0x00000000f3c00000)
  from space 92672K, 16% used [0x00000000f9e80000,0x00000000fadd8ea8,0x00000000ff900000)
  to   space 96768K, 0% used [0x00000000f3c00000,0x00000000f3c00000,0x00000000f9a80000)
 ParOldGen       total 227328K, used 155100K [0x00000000a0000000, 0x00000000ade00000, 0x00000000e0000000)
  object space 227328K, 68% used [0x00000000a0000000,0x00000000a97770c0,0x00000000ade00000)
 Metaspace       used 106687K, capacity 113124K, committed 113448K, reserved 1148928K
  class space    used 13449K, capacity 14585K, committed 14632K, reserved 1048576K
Event: 1348.043 GC heap after
Heap after GC invocations=46 (full 5):
 PSYoungGen      total 420352K, used 15406K [0x00000000e0000000, 0x00000000ffe00000, 0x0000000100000000)
  eden space 323584K, 0% used [0x00000000e0000000,0x00000000e0000000,0x00000000f3c00000)
  from space 96768K, 15% used [0x00000000f3c00000,0x00000000f4b0b918,0x00000000f9a80000)
  to   space 93696K, 0% used [0x00000000fa280000,0x00000000fa280000,0x00000000ffe00000)
 ParOldGen       total 227328K, used 155858K [0x00000000a0000000, 0x00000000ade00000, 0x00000000e0000000)
  object space 227328K, 68% used [0x00000000a0000000,0x00000000a9834a90,0x00000000ade00000)
 Metaspace       used 106687K, capacity 113124K, committed 113448K, reserved 1148928K
  class space    used 13449K, capacity 14585K, committed 14632K, reserved 1048576K
}
Event: 1369.934 GC heap before
{Heap before GC invocations=47 (full 5):
 PSYoungGen      total 420352K, used 338990K [0x00000000e0000000, 0x00000000ffe00000, 0x0000000100000000)
  eden space 323584K, 100% used [0x00000000e0000000,0x00000000f3c00000,0x00000000f3c00000)
  from space 96768K, 15% used [0x00000000f3c00000,0x00000000f4b0b918,0x00000000f9a80000)
  to   space 93696K, 0% used [0x00000000fa280000,0x00000000fa280000,0x00000000ffe00000)
 ParOldGen       total 227328K, used 155858K [0x00000000a0000000, 0x00000000ade00000, 0x00000000e0000000)
  object space 227328K, 68% used [0x00000000a0000000,0x00000000a9834a90,0x00000000ade00000)
 Metaspace       used 106828K, capacity 113360K, committed 113448K, reserved 1148928K
  class space    used 13459K, capacity 14603K, committed 14632K, reserved 1048576K
Event: 1369.955 GC heap after
Heap after GC invocations=47 (full 5):
 PSYoungGen      total 422400K, used 8112K [0x00000000e0000000, 0x00000000ff900000, 0x0000000100000000)
  eden space 333824K, 0% used [0x00000000e0000000,0x00000000e0000000,0x00000000f4600000)
  from space 88576K, 9% used [0x00000000fa280000,0x00000000faa6c118,0x00000000ff900000)
  to   space 91648K, 0% used [0x00000000f4600000,0x00000000f4600000,0x00000000f9f80000)
 ParOldGen       total 227328K, used 155978K [0x00000000a0000000, 0x00000000ade00000, 0x00000000e0000000)
  object space 227328K, 68% used [0x00000000a0000000,0x00000000a9852ad0,0x00000000ade00000)
 Metaspace       used 106828K, capacity 113360K, committed 113448K, reserved 1148928K
  class space    used 13459K, capacity 14603K, committed 14632K, reserved 1048576K
}

