# JRE version: OpenJDK Runtime Environment (8.0_212-b04) (build 1.8.0_212-release-1586-b04)
# Java VM: OpenJDK 64-Bit Server VM (25.212-b04 mixed mode windows-amd64 compressed oops)
Heap:
 PSYoungGen      total 355328K, used 95383K [0x00000000e0000000, 0x00000000f9f00000, 0x0000000100000000)
  eden space 290816K, 15% used [0x00000000e0000000,0x00000000e2d5b3c8,0x00000000f1c00000)
  from space 64512K, 75% used [0x00000000f5d80000,0x00000000f8d4a960,0x00000000f9c80000)
  to   space 67072K, 0% used [0x00000000f1c00000,0x00000000f1c00000,0x00000000f5d80000)
 ParOldGen       total 243200K, used 85406K [0x00000000a0000000, 0x00000000aed80000, 0x00000000e0000000)
  object space 243200K, 35% used [0x00000000a0000000,0x00000000a53679a8,0x00000000aed80000)
 Metaspace       used 124841K, capacity 132004K, committed 132264K, reserved 1163264K
  class space    used 16209K, capacity 17633K, committed 17832K, reserved 1048576K
GC Heap History (10 events):
Event: 9687.482 GC heap before
{Heap before GC invocations=34 (full 4):
 PSYoungGen      total 316416K, used 300064K [0x00000000e0000000, 0x00000000f7080000, 0x0000000100000000)
  eden space 267776K, 100% used [0x00000000e0000000,0x00000000f0580000,0x00000000f0580000)
  from space 48640K, 66% used [0x00000000f0580000,0x00000000f2508050,0x00000000f3500000)
  to   space 48640K, 0% used [0x00000000f4100000,0x00000000f4100000,0x00000000f7080000)
 ParOldGen       total 243200K, used 77599K [0x00000000a0000000, 0x00000000aed80000, 0x00000000e0000000)
  object space 243200K, 31% used [0x00000000a0000000,0x00000000a4bc7f88,0x00000000aed80000)
 Metaspace       used 123930K, capacity 131010K, committed 131368K, reserved 1163264K
  class space    used 16180K, capacity 17580K, committed 17704K, reserved 1048576K
Event: 9687.538 GC heap after
Heap after GC invocations=34 (full 4):
 PSYoungGen      total 325632K, used 34535K [0x00000000e0000000, 0x00000000f6f80000, 0x0000000100000000)
  eden space 278016K, 0% used [0x00000000e0000000,0x00000000e0000000,0x00000000f0f80000)
  from space 47616K, 72% used [0x00000000f4100000,0x00000000f62b9c58,0x00000000f6f80000)
  to   space 49152K, 0% used [0x00000000f0f80000,0x00000000f0f80000,0x00000000f3f80000)
 ParOldGen       total 243200K, used 77607K [0x00000000a0000000, 0x00000000aed80000, 0x00000000e0000000)
  object space 243200K, 31% used [0x00000000a0000000,0x00000000a4bc9f88,0x00000000aed80000)
 Metaspace       used 123930K, capacity 131010K, committed 131368K, reserved 1163264K
  class space    used 16180K, capacity 17580K, committed 17704K, reserved 1048576K
}
Event: 9697.031 GC heap before
{Heap before GC invocations=35 (full 4):
 PSYoungGen      total 325632K, used 312551K [0x00000000e0000000, 0x00000000f6f80000, 0x0000000100000000)
  eden space 278016K, 100% used [0x00000000e0000000,0x00000000f0f80000,0x00000000f0f80000)
  from space 47616K, 72% used [0x00000000f4100000,0x00000000f62b9c58,0x00000000f6f80000)
  to   space 49152K, 0% used [0x00000000f0f80000,0x00000000f0f80000,0x00000000f3f80000)
 ParOldGen       total 243200K, used 77607K [0x00000000a0000000, 0x00000000aed80000, 0x00000000e0000000)
  object space 243200K, 31% used [0x00000000a0000000,0x00000000a4bc9f88,0x00000000aed80000)
 Metaspace       used 124261K, capacity 131296K, committed 131624K, reserved 1163264K
  class space    used 16189K, capacity 17581K, committed 17704K, reserved 1048576K
Event: 9697.089 GC heap after
Heap after GC invocations=35 (full 4):
 PSYoungGen      total 327168K, used 34176K [0x00000000e0000000, 0x00000000f7b80000, 0x0000000100000000)
  eden space 278016K, 0% used [0x00000000e0000000,0x00000000e0000000,0x00000000f0f80000)
  from space 49152K, 69% used [0x00000000f0f80000,0x00000000f30e0090,0x00000000f3f80000)
  to   space 49152K, 0% used [0x00000000f4b80000,0x00000000f4b80000,0x00000000f7b80000)
 ParOldGen       total 243200K, used 77615K [0x00000000a0000000, 0x00000000aed80000, 0x00000000e0000000)
  object space 243200K, 31% used [0x00000000a0000000,0x00000000a4bcbf88,0x00000000aed80000)
 Metaspace       used 124261K, capacity 131296K, committed 131624K, reserved 1163264K
  class space    used 16189K, capacity 17581K, committed 17704K, reserved 1048576K
}
Event: 10365.355 GC heap before
{Heap before GC invocations=36 (full 4):
 PSYoungGen      total 327168K, used 312192K [0x00000000e0000000, 0x00000000f7b80000, 0x0000000100000000)
  eden space 278016K, 100% used [0x00000000e0000000,0x00000000f0f80000,0x00000000f0f80000)
  from space 49152K, 69% used [0x00000000f0f80000,0x00000000f30e0090,0x00000000f3f80000)
  to   space 49152K, 0% used [0x00000000f4b80000,0x00000000f4b80000,0x00000000f7b80000)
 ParOldGen       total 243200K, used 77615K [0x00000000a0000000, 0x00000000aed80000, 0x00000000e0000000)
  object space 243200K, 31% used [0x00000000a0000000,0x00000000a4bcbf88,0x00000000aed80000)
 Metaspace       used 124494K, capacity 131664K, committed 131880K, reserved 1163264K
  class space    used 16205K, capacity 17597K, committed 17704K, reserved 1048576K
Event: 10365.465 GC heap after
Heap after GC invocations=36 (full 4):
 PSYoungGen      total 330752K, used 49145K [0x00000000e0000000, 0x00000000f8a00000, 0x0000000100000000)
  eden space 281600K, 0% used [0x00000000e0000000,0x00000000e0000000,0x00000000f1300000)
  from space 49152K, 99% used [0x00000000f4b80000,0x00000000f7b7e628,0x00000000f7b80000)
  to   space 57856K, 0% used [0x00000000f1300000,0x00000000f1300000,0x00000000f4b80000)
 ParOldGen       total 243200K, used 85406K [0x00000000a0000000, 0x00000000aed80000, 0x00000000e0000000)
  object space 243200K, 35% used [0x00000000a0000000,0x00000000a53679a8,0x00000000aed80000)
 Metaspace       used 124494K, capacity 131664K, committed 131880K, reserved 1163264K
  class space    used 16205K, capacity 17597K, committed 17704K, reserved 1048576K
}
Event: 10375.250 GC heap before
{Heap before GC invocations=37 (full 4):
 PSYoungGen      total 330752K, used 330745K [0x00000000e0000000, 0x00000000f8a00000, 0x0000000100000000)
  eden space 281600K, 100% used [0x00000000e0000000,0x00000000f1300000,0x00000000f1300000)
  from space 49152K, 99% used [0x00000000f4b80000,0x00000000f7b7e628,0x00000000f7b80000)
  to   space 57856K, 0% used [0x00000000f1300000,0x00000000f1300000,0x00000000f4b80000)
 ParOldGen       total 243200K, used 85406K [0x00000000a0000000, 0x00000000aed80000, 0x00000000e0000000)
  object space 243200K, 35% used [0x00000000a0000000,0x00000000a53679a8,0x00000000aed80000)
 Metaspace       used 124664K, capacity 131844K, committed 132264K, reserved 1163264K
  class space    used 16207K, capacity 17629K, committed 17832K, reserved 1048576K
Event: 10375.338 GC heap after
Heap after GC invocations=37 (full 4):
 PSYoungGen      total 339456K, used 55831K [0x00000000e0000000, 0x00000000f9c80000, 0x0000000100000000)
  eden space 281600K, 0% used [0x00000000e0000000,0x00000000e0000000,0x00000000f1300000)
  from space 57856K, 96% used [0x00000000f1300000,0x00000000f4985eb8,0x00000000f4b80000)
  to   space 64512K, 0% used [0x00000000f5d80000,0x00000000f5d80000,0x00000000f9c80000)
 ParOldGen       total 243200K, used 85406K [0x00000000a0000000, 0x00000000aed80000, 0x00000000e0000000)
  object space 243200K, 35% used [0x00000000a0000000,0x00000000a53679a8,0x00000000aed80000)
 Metaspace       used 124664K, capacity 131844K, committed 132264K, reserved 1163264K
  class space    used 16207K, capacity 17629K, committed 17832K, reserved 1048576K
}
Event: 10677.252 GC heap before
{Heap before GC invocations=38 (full 4):
 PSYoungGen      total 339456K, used 337431K [0x00000000e0000000, 0x00000000f9c80000, 0x0000000100000000)
  eden space 281600K, 100% used [0x00000000e0000000,0x00000000f1300000,0x00000000f1300000)
  from space 57856K, 96% used [0x00000000f1300000,0x00000000f4985eb8,0x00000000f4b80000)
  to   space 64512K, 0% used [0x00000000f5d80000,0x00000000f5d80000,0x00000000f9c80000)
 ParOldGen       total 243200K, used 85406K [0x00000000a0000000, 0x00000000aed80000, 0x00000000e0000000)
  object space 243200K, 35% used [0x00000000a0000000,0x00000000a53679a8,0x00000000aed80000)
 Metaspace       used 124827K, capacity 132004K, committed 132264K, reserved 1163264K
  class space    used 16209K, capacity 17633K, committed 17832K, reserved 1048576K
Event: 10677.334 GC heap after
Heap after GC invocations=38 (full 4):
 PSYoungGen      total 355328K, used 48938K [0x00000000e0000000, 0x00000000f9f00000, 0x0000000100000000)
  eden space 290816K, 0% used [0x00000000e0000000,0x00000000e0000000,0x00000000f1c00000)
  from space 64512K, 75% used [0x00000000f5d80000,0x00000000f8d4a960,0x00000000f9c80000)
  to   space 67072K, 0% used [0x00000000f1c00000,0x00000000f1c00000,0x00000000f5d80000)
 ParOldGen       total 243200K, used 85406K [0x00000000a0000000, 0x00000000aed80000, 0x00000000e0000000)
  object space 243200K, 35% used [0x00000000a0000000,0x00000000a53679a8,0x00000000aed80000)
 Metaspace       used 124827K, capacity 132004K, committed 132264K, reserved 1163264K
  class space    used 16209K, capacity 17633K, committed 17832K, reserved 1048576K
}

