# JRE version: OpenJDK Runtime Environment (8.0_212-b04) (build 1.8.0_212-release-1586-b04)
# Java VM: OpenJDK 64-Bit Server VM (25.212-b04 mixed mode windows-amd64 compressed oops)
Heap:
 PSYoungGen      total 367104K, used 231850K [0x00000000e0000000, 0x00000000fc600000, 0x0000000100000000)
  eden space 276480K, 62% used [0x00000000e0000000,0x00000000ea7a1b78,0x00000000f0e00000)
  from space 90624K, 66% used [0x00000000f6c00000,0x00000000fa6c8ef8,0x00000000fc480000)
  to   space 94208K, 0% used [0x00000000f0e00000,0x00000000f0e00000,0x00000000f6a00000)
 ParOldGen       total 278528K, used 148664K [0x00000000a0000000, 0x00000000b1000000, 0x00000000e0000000)
  object space 278528K, 53% used [0x00000000a0000000,0x00000000a912e0f0,0x00000000b1000000)
 Metaspace       used 100511K, capacity 104608K, committed 104920K, reserved 1140736K
  class space    used 12873K, capacity 13683K, committed 13824K, reserved 1048576K
GC Heap History (10 events):
Event: 105.479 GC heap before
{Heap before GC invocations=24 (full 4):
 PSYoungGen      total 285696K, used 61942K [0x00000000e0000000, 0x00000000f9800000, 0x0000000100000000)
  eden space 223744K, 0% used [0x00000000e0000000,0x00000000e0000000,0x00000000eda80000)
  from space 61952K, 99% used [0x00000000f2b00000,0x00000000f677da58,0x00000000f6780000)
  to   space 82432K, 0% used [0x00000000eda80000,0x00000000eda80000,0x00000000f2b00000)
 ParOldGen       total 141824K, used 135067K [0x00000000a0000000, 0x00000000a8a80000, 0x00000000e0000000)
  object space 141824K, 95% used [0x00000000a0000000,0x00000000a83e6c70,0x00000000a8a80000)
 Metaspace       used 92952K, capacity 96898K, committed 96984K, reserved 1132544K
  class space    used 12200K, capacity 13022K, committed 13056K, reserved 1048576K
Event: 106.315 GC heap after
Heap after GC invocations=24 (full 4):
 PSYoungGen      total 285696K, used 0K [0x00000000e0000000, 0x00000000f9800000, 0x0000000100000000)
  eden space 223744K, 0% used [0x00000000e0000000,0x00000000e0000000,0x00000000eda80000)
  from space 61952K, 0% used [0x00000000f2b00000,0x00000000f2b00000,0x00000000f6780000)
  to   space 82432K, 0% used [0x00000000eda80000,0x00000000eda80000,0x00000000f2b00000)
 ParOldGen       total 278528K, used 116780K [0x00000000a0000000, 0x00000000b1000000, 0x00000000e0000000)
  object space 278528K, 41% used [0x00000000a0000000,0x00000000a720b148,0x00000000b1000000)
 Metaspace       used 92485K, capacity 95784K, committed 96984K, reserved 1132544K
  class space    used 12033K, capacity 12727K, committed 13056K, reserved 1048576K
}
Event: 110.505 GC heap before
{Heap before GC invocations=25 (full 4):
 PSYoungGen      total 285696K, used 220154K [0x00000000e0000000, 0x00000000f9800000, 0x0000000100000000)
  eden space 223744K, 98% used [0x00000000e0000000,0x00000000ed6fea60,0x00000000eda80000)
  from space 61952K, 0% used [0x00000000f2b00000,0x00000000f2b00000,0x00000000f6780000)
  to   space 82432K, 0% used [0x00000000eda80000,0x00000000eda80000,0x00000000f2b00000)
 ParOldGen       total 278528K, used 116780K [0x00000000a0000000, 0x00000000b1000000, 0x00000000e0000000)
  object space 278528K, 41% used [0x00000000a0000000,0x00000000a720b148,0x00000000b1000000)
 Metaspace       used 93080K, capacity 96578K, committed 97624K, reserved 1134592K
  class space    used 12129K, capacity 12866K, committed 13184K, reserved 1048576K
Event: 110.546 GC heap after
Heap after GC invocations=25 (full 4):
 PSYoungGen      total 306176K, used 29318K [0x00000000e0000000, 0x00000000f9800000, 0x0000000100000000)
  eden space 223744K, 0% used [0x00000000e0000000,0x00000000e0000000,0x00000000eda80000)
  from space 82432K, 35% used [0x00000000eda80000,0x00000000ef721928,0x00000000f2b00000)
  to   space 77312K, 0% used [0x00000000f4c80000,0x00000000f4c80000,0x00000000f9800000)
 ParOldGen       total 278528K, used 116788K [0x00000000a0000000, 0x00000000b1000000, 0x00000000e0000000)
  object space 278528K, 41% used [0x00000000a0000000,0x00000000a720d148,0x00000000b1000000)
 Metaspace       used 93080K, capacity 96578K, committed 97624K, reserved 1134592K
  class space    used 12129K, capacity 12866K, committed 13184K, reserved 1048576K
}
Event: 129.231 GC heap before
{Heap before GC invocations=26 (full 4):
 PSYoungGen      total 306176K, used 253062K [0x00000000e0000000, 0x00000000f9800000, 0x0000000100000000)
  eden space 223744K, 100% used [0x00000000e0000000,0x00000000eda80000,0x00000000eda80000)
  from space 82432K, 35% used [0x00000000eda80000,0x00000000ef721928,0x00000000f2b00000)
  to   space 77312K, 0% used [0x00000000f4c80000,0x00000000f4c80000,0x00000000f9800000)
 ParOldGen       total 278528K, used 116788K [0x00000000a0000000, 0x00000000b1000000, 0x00000000e0000000)
  object space 278528K, 41% used [0x00000000a0000000,0x00000000a720d148,0x00000000b1000000)
 Metaspace       used 97232K, capacity 100884K, committed 101848K, reserved 1138688K
  class space    used 12459K, capacity 13237K, committed 13568K, reserved 1048576K
Event: 129.340 GC heap after
Heap after GC invocations=26 (full 4):
 PSYoungGen      total 324608K, used 77292K [0x00000000e0000000, 0x00000000fb300000, 0x0000000100000000)
  eden space 247296K, 0% used [0x00000000e0000000,0x00000000e0000000,0x00000000ef180000)
  from space 77312K, 99% used [0x00000000f4c80000,0x00000000f97fb138,0x00000000f9800000)
  to   space 93184K, 0% used [0x00000000ef180000,0x00000000ef180000,0x00000000f4c80000)
 ParOldGen       total 278528K, used 125091K [0x00000000a0000000, 0x00000000b1000000, 0x00000000e0000000)
  object space 278528K, 44% used [0x00000000a0000000,0x00000000a7a28f08,0x00000000b1000000)
 Metaspace       used 97232K, capacity 100884K, committed 101848K, reserved 1138688K
  class space    used 12459K, capacity 13237K, committed 13568K, reserved 1048576K
}
Event: 137.964 GC heap before
{Heap before GC invocations=27 (full 4):
 PSYoungGen      total 324608K, used 321687K [0x00000000e0000000, 0x00000000fb300000, 0x0000000100000000)
  eden space 247296K, 98% used [0x00000000e0000000,0x00000000eeeaab38,0x00000000ef180000)
  from space 77312K, 99% used [0x00000000f4c80000,0x00000000f97fb138,0x00000000f9800000)
  to   space 93184K, 0% used [0x00000000ef180000,0x00000000ef180000,0x00000000f4c80000)
 ParOldGen       total 278528K, used 131655K [0x00000000a0000000, 0x00000000b1000000, 0x00000000e0000000)
  object space 278528K, 47% used [0x00000000a0000000,0x00000000a8091f50,0x00000000b1000000)
 Metaspace       used 97696K, capacity 101436K, committed 102360K, reserved 1138688K
  class space    used 12473K, capacity 13251K, committed 13568K, reserved 1048576K
Event: 138.027 GC heap after
Heap after GC invocations=27 (full 4):
 PSYoungGen      total 340480K, used 44926K [0x00000000e0000000, 0x00000000fc480000, 0x0000000100000000)
  eden space 247296K, 0% used [0x00000000e0000000,0x00000000e0000000,0x00000000ef180000)
  from space 93184K, 48% used [0x00000000ef180000,0x00000000f1d5f8b8,0x00000000f4c80000)
  to   space 90624K, 0% used [0x00000000f6c00000,0x00000000f6c00000,0x00000000fc480000)
 ParOldGen       total 278528K, used 148654K [0x00000000a0000000, 0x00000000b1000000, 0x00000000e0000000)
  object space 278528K, 53% used [0x00000000a0000000,0x00000000a912b8d8,0x00000000b1000000)
 Metaspace       used 97696K, capacity 101436K, committed 102360K, reserved 1138688K
  class space    used 12473K, capacity 13251K, committed 13568K, reserved 1048576K
}
Event: 187.530 GC heap before
{Heap before GC invocations=28 (full 4):
 PSYoungGen      total 340480K, used 292222K [0x00000000e0000000, 0x00000000fc480000, 0x0000000100000000)
  eden space 247296K, 100% used [0x00000000e0000000,0x00000000ef180000,0x00000000ef180000)
  from space 93184K, 48% used [0x00000000ef180000,0x00000000f1d5f8b8,0x00000000f4c80000)
  to   space 90624K, 0% used [0x00000000f6c00000,0x00000000f6c00000,0x00000000fc480000)
 ParOldGen       total 278528K, used 148656K [0x00000000a0000000, 0x00000000b1000000, 0x00000000e0000000)
  object space 278528K, 53% used [0x00000000a0000000,0x00000000a912c0f0,0x00000000b1000000)
 Metaspace       used 99925K, capacity 103934K, committed 104408K, reserved 1140736K
  class space    used 12816K, capacity 13634K, committed 13824K, reserved 1048576K
Event: 187.592 GC heap after
Heap after GC invocations=28 (full 4):
 PSYoungGen      total 367104K, used 60195K [0x00000000e0000000, 0x00000000fc600000, 0x0000000100000000)
  eden space 276480K, 0% used [0x00000000e0000000,0x00000000e0000000,0x00000000f0e00000)
  from space 90624K, 66% used [0x00000000f6c00000,0x00000000fa6c8ef8,0x00000000fc480000)
  to   space 94208K, 0% used [0x00000000f0e00000,0x00000000f0e00000,0x00000000f6a00000)
 ParOldGen       total 278528K, used 148664K [0x00000000a0000000, 0x00000000b1000000, 0x00000000e0000000)
  object space 278528K, 53% used [0x00000000a0000000,0x00000000a912e0f0,0x00000000b1000000)
 Metaspace       used 99925K, capacity 103934K, committed 104408K, reserved 1140736K
  class space    used 12816K, capacity 13634K, committed 13824K, reserved 1048576K
}

