# JRE version: OpenJDK Runtime Environment (8.0_212-b04) (build 1.8.0_212-release-1586-b04)
# Java VM: OpenJDK 64-Bit Server VM (25.212-b04 mixed mode windows-amd64 compressed oops)
Heap:
 PSYoungGen      total 113152K, used 7466K [0x00000000e0000000, 0x00000000ea000000, 0x0000000100000000)
  eden space 101888K, 7% used [0x00000000e0000000,0x00000000e074a988,0x00000000e6380000)
  from space 11264K, 0% used [0x00000000e6380000,0x00000000e6380000,0x00000000e6e80000)
  to   space 12800K, 0% used [0x00000000e9380000,0x00000000e9380000,0x00000000ea000000)
 ParOldGen       total 98304K, used 18592K [0x00000000a0000000, 0x00000000a6000000, 0x00000000e0000000)
  object space 98304K, 18% used [0x00000000a0000000,0x00000000a1228270,0x00000000a6000000)
 Metaspace       used 35076K, capacity 35892K, committed 36056K, reserved 1081344K
  class space    used 4827K, capacity 5021K, committed 5120K, reserved 1048576K
GC Heap History (10 events):
Event: 5.691 GC heap before
{Heap before GC invocations=7 (full 1):
 PSYoungGen      total 76800K, used 8466K [0x00000000e0000000, 0x00000000e5700000, 0x0000000100000000)
  eden space 66048K, 0% used [0x00000000e0000000,0x00000000e0000000,0x00000000e4080000)
  from space 10752K, 78% used [0x00000000e4b80000,0x00000000e53c4bb0,0x00000000e5600000)
  to   space 11264K, 0% used [0x00000000e4080000,0x00000000e4080000,0x00000000e4b80000)
 ParOldGen       total 87552K, used 7437K [0x00000000a0000000, 0x00000000a5580000, 0x00000000e0000000)
  object space 87552K, 8% used [0x00000000a0000000,0x00000000a07435b0,0x00000000a5580000)
 Metaspace       used 20734K, capacity 21128K, committed 21248K, reserved 1067008K
  class space    used 2937K, capacity 3070K, committed 3072K, reserved 1048576K
Event: 5.759 GC heap after
Heap after GC invocations=7 (full 1):
 PSYoungGen      total 76800K, used 0K [0x00000000e0000000, 0x00000000e5700000, 0x0000000100000000)
  eden space 66048K, 0% used [0x00000000e0000000,0x00000000e0000000,0x00000000e4080000)
  from space 10752K, 0% used [0x00000000e4b80000,0x00000000e4b80000,0x00000000e5600000)
  to   space 11264K, 0% used [0x00000000e4080000,0x00000000e4080000,0x00000000e4b80000)
 ParOldGen       total 60416K, used 9124K [0x00000000a0000000, 0x00000000a3b00000, 0x00000000e0000000)
  object space 60416K, 15% used [0x00000000a0000000,0x00000000a08e9370,0x00000000a3b00000)
 Metaspace       used 20734K, capacity 21128K, committed 21248K, reserved 1067008K
  class space    used 2937K, capacity 3070K, committed 3072K, reserved 1048576K
}
Event: 7.389 GC heap before
{Heap before GC invocations=8 (full 1):
 PSYoungGen      total 76800K, used 66048K [0x00000000e0000000, 0x00000000e5700000, 0x0000000100000000)
  eden space 66048K, 100% used [0x00000000e0000000,0x00000000e4080000,0x00000000e4080000)
  from space 10752K, 0% used [0x00000000e4b80000,0x00000000e4b80000,0x00000000e5600000)
  to   space 11264K, 0% used [0x00000000e4080000,0x00000000e4080000,0x00000000e4b80000)
 ParOldGen       total 60416K, used 9124K [0x00000000a0000000, 0x00000000a3b00000, 0x00000000e0000000)
  object space 60416K, 15% used [0x00000000a0000000,0x00000000a08e9370,0x00000000a3b00000)
 Metaspace       used 28668K, capacity 29074K, committed 29440K, reserved 1075200K
  class space    used 3851K, capacity 4008K, committed 4096K, reserved 1048576K
Event: 7.401 GC heap after
Heap after GC invocations=8 (full 1):
 PSYoungGen      total 77312K, used 7763K [0x00000000e0000000, 0x00000000e7a00000, 0x0000000100000000)
  eden space 66048K, 0% used [0x00000000e0000000,0x00000000e0000000,0x00000000e4080000)
  from space 11264K, 68% used [0x00000000e4080000,0x00000000e4814dd8,0x00000000e4b80000)
  to   space 11264K, 0% used [0x00000000e6f00000,0x00000000e6f00000,0x00000000e7a00000)
 ParOldGen       total 60416K, used 9132K [0x00000000a0000000, 0x00000000a3b00000, 0x00000000e0000000)
  object space 60416K, 15% used [0x00000000a0000000,0x00000000a08eb370,0x00000000a3b00000)
 Metaspace       used 28668K, capacity 29074K, committed 29440K, reserved 1075200K
  class space    used 3851K, capacity 4008K, committed 4096K, reserved 1048576K
}
Event: 8.354 GC heap before
{Heap before GC invocations=9 (full 1):
 PSYoungGen      total 77312K, used 73811K [0x00000000e0000000, 0x00000000e7a00000, 0x0000000100000000)
  eden space 66048K, 100% used [0x00000000e0000000,0x00000000e4080000,0x00000000e4080000)
  from space 11264K, 68% used [0x00000000e4080000,0x00000000e4814dd8,0x00000000e4b80000)
  to   space 11264K, 0% used [0x00000000e6f00000,0x00000000e6f00000,0x00000000e7a00000)
 ParOldGen       total 60416K, used 9132K [0x00000000a0000000, 0x00000000a3b00000, 0x00000000e0000000)
  object space 60416K, 15% used [0x00000000a0000000,0x00000000a08eb370,0x00000000a3b00000)
 Metaspace       used 31700K, capacity 32138K, committed 32512K, reserved 1077248K
  class space    used 4343K, capacity 4496K, committed 4608K, reserved 1048576K
Event: 8.366 GC heap after
Heap after GC invocations=9 (full 1):
 PSYoungGen      total 112640K, used 8042K [0x00000000e0000000, 0x00000000e7980000, 0x0000000100000000)
  eden space 101888K, 0% used [0x00000000e0000000,0x00000000e0000000,0x00000000e6380000)
  from space 10752K, 74% used [0x00000000e6f00000,0x00000000e76da948,0x00000000e7980000)
  to   space 11264K, 0% used [0x00000000e6380000,0x00000000e6380000,0x00000000e6e80000)
 ParOldGen       total 60416K, used 9140K [0x00000000a0000000, 0x00000000a3b00000, 0x00000000e0000000)
  object space 60416K, 15% used [0x00000000a0000000,0x00000000a08ed370,0x00000000a3b00000)
 Metaspace       used 31700K, capacity 32138K, committed 32512K, reserved 1077248K
  class space    used 4343K, capacity 4496K, committed 4608K, reserved 1048576K
}
Event: 9.593 GC heap before
{Heap before GC invocations=10 (full 1):
 PSYoungGen      total 112640K, used 73331K [0x00000000e0000000, 0x00000000e7980000, 0x0000000100000000)
  eden space 101888K, 64% used [0x00000000e0000000,0x00000000e3fc2550,0x00000000e6380000)
  from space 10752K, 74% used [0x00000000e6f00000,0x00000000e76da948,0x00000000e7980000)
  to   space 11264K, 0% used [0x00000000e6380000,0x00000000e6380000,0x00000000e6e80000)
 ParOldGen       total 60416K, used 9140K [0x00000000a0000000, 0x00000000a3b00000, 0x00000000e0000000)
  object space 60416K, 15% used [0x00000000a0000000,0x00000000a08ed370,0x00000000a3b00000)
 Metaspace       used 34618K, capacity 35372K, committed 35416K, reserved 1079296K
  class space    used 4756K, capacity 4950K, committed 4992K, reserved 1048576K
Event: 9.626 GC heap after
Heap after GC invocations=10 (full 1):
 PSYoungGen      total 113152K, used 11236K [0x00000000e0000000, 0x00000000ea000000, 0x0000000100000000)
  eden space 101888K, 0% used [0x00000000e0000000,0x00000000e0000000,0x00000000e6380000)
  from space 11264K, 99% used [0x00000000e6380000,0x00000000e6e792b8,0x00000000e6e80000)
  to   space 12800K, 0% used [0x00000000e9380000,0x00000000e9380000,0x00000000ea000000)
 ParOldGen       total 60416K, used 9611K [0x00000000a0000000, 0x00000000a3b00000, 0x00000000e0000000)
  object space 60416K, 15% used [0x00000000a0000000,0x00000000a0962cf0,0x00000000a3b00000)
 Metaspace       used 34618K, capacity 35372K, committed 35416K, reserved 1079296K
  class space    used 4756K, capacity 4950K, committed 4992K, reserved 1048576K
}
Event: 9.626 GC heap before
{Heap before GC invocations=11 (full 2):
 PSYoungGen      total 113152K, used 11236K [0x00000000e0000000, 0x00000000ea000000, 0x0000000100000000)
  eden space 101888K, 0% used [0x00000000e0000000,0x00000000e0000000,0x00000000e6380000)
  from space 11264K, 99% used [0x00000000e6380000,0x00000000e6e792b8,0x00000000e6e80000)
  to   space 12800K, 0% used [0x00000000e9380000,0x00000000e9380000,0x00000000ea000000)
 ParOldGen       total 60416K, used 9611K [0x00000000a0000000, 0x00000000a3b00000, 0x00000000e0000000)
  object space 60416K, 15% used [0x00000000a0000000,0x00000000a0962cf0,0x00000000a3b00000)
 Metaspace       used 34618K, capacity 35372K, committed 35416K, reserved 1079296K
  class space    used 4756K, capacity 4950K, committed 4992K, reserved 1048576K
Event: 9.790 GC heap after
Heap after GC invocations=11 (full 2):
 PSYoungGen      total 113152K, used 0K [0x00000000e0000000, 0x00000000ea000000, 0x0000000100000000)
  eden space 101888K, 0% used [0x00000000e0000000,0x00000000e0000000,0x00000000e6380000)
  from space 11264K, 0% used [0x00000000e6380000,0x00000000e6380000,0x00000000e6e80000)
  to   space 12800K, 0% used [0x00000000e9380000,0x00000000e9380000,0x00000000ea000000)
 ParOldGen       total 98304K, used 18592K [0x00000000a0000000, 0x00000000a6000000, 0x00000000e0000000)
  object space 98304K, 18% used [0x00000000a0000000,0x00000000a1228270,0x00000000a6000000)
 Metaspace       used 34612K, capacity 35354K, committed 35416K, reserved 1079296K
  class space    used 4754K, capacity 4947K, committed 4992K, reserved 1048576K
}

