# JRE version: OpenJDK Runtime Environment (8.0_212-b04) (build 1.8.0_212-release-1586-b04)
# Java VM: OpenJDK 64-Bit Server VM (25.212-b04 mixed mode windows-amd64 compressed oops)
Heap:
 PSYoungGen      total 298496K, used 192805K [0x00000000e0000000, 0x00000000f4b00000, 0x0000000100000000)
  eden space 264192K, 69% used [0x00000000e0000000,0x00000000eb427d20,0x00000000f0200000)
  from space 34304K, 24% used [0x00000000f2980000,0x00000000f31a1ad8,0x00000000f4b00000)
  to   space 37376K, 0% used [0x00000000f0200000,0x00000000f0200000,0x00000000f2680000)
 ParOldGen       total 127488K, used 76145K [0x00000000a0000000, 0x00000000a7c80000, 0x00000000e0000000)
  object space 127488K, 59% used [0x00000000a0000000,0x00000000a4a5c770,0x00000000a7c80000)
 Metaspace       used 90952K, capacity 94594K, committed 94808K, reserved 1130496K
  class space    used 12086K, capacity 12829K, committed 12888K, reserved 1048576K
GC Heap History (10 events):
Event: 88.450 GC heap before
{Heap before GC invocations=17 (full 3):
 PSYoungGen      total 187392K, used 183917K [0x00000000e0000000, 0x00000000ef380000, 0x0000000100000000)
  eden space 167424K, 100% used [0x00000000e0000000,0x00000000ea380000,0x00000000ea380000)
  from space 19968K, 82% used [0x00000000ea380000,0x00000000eb39b408,0x00000000eb700000)
  to   space 21504K, 0% used [0x00000000ede80000,0x00000000ede80000,0x00000000ef380000)
 ParOldGen       total 127488K, used 31963K [0x00000000a0000000, 0x00000000a7c80000, 0x00000000e0000000)
  object space 127488K, 25% used [0x00000000a0000000,0x00000000a1f36fa0,0x00000000a7c80000)
 Metaspace       used 66766K, capacity 69052K, committed 69336K, reserved 1110016K
  class space    used 9044K, capacity 9610K, committed 9688K, reserved 1048576K
Event: 88.493 GC heap after
Heap after GC invocations=17 (full 3):
 PSYoungGen      total 224768K, used 16226K [0x00000000e0000000, 0x00000000ef380000, 0x0000000100000000)
  eden space 203264K, 0% used [0x00000000e0000000,0x00000000e0000000,0x00000000ec680000)
  from space 21504K, 75% used [0x00000000ede80000,0x00000000eee58ad0,0x00000000ef380000)
  to   space 23040K, 0% used [0x00000000ec680000,0x00000000ec680000,0x00000000edd00000)
 ParOldGen       total 127488K, used 31971K [0x00000000a0000000, 0x00000000a7c80000, 0x00000000e0000000)
  object space 127488K, 25% used [0x00000000a0000000,0x00000000a1f38fa0,0x00000000a7c80000)
 Metaspace       used 66766K, capacity 69052K, committed 69336K, reserved 1110016K
  class space    used 9044K, capacity 9610K, committed 9688K, reserved 1048576K
}
Event: 154.727 GC heap before
{Heap before GC invocations=18 (full 3):
 PSYoungGen      total 224768K, used 219490K [0x00000000e0000000, 0x00000000ef380000, 0x0000000100000000)
  eden space 203264K, 100% used [0x00000000e0000000,0x00000000ec680000,0x00000000ec680000)
  from space 21504K, 75% used [0x00000000ede80000,0x00000000eee58ad0,0x00000000ef380000)
  to   space 23040K, 0% used [0x00000000ec680000,0x00000000ec680000,0x00000000edd00000)
 ParOldGen       total 127488K, used 31971K [0x00000000a0000000, 0x00000000a7c80000, 0x00000000e0000000)
  object space 127488K, 25% used [0x00000000a0000000,0x00000000a1f38fa0,0x00000000a7c80000)
 Metaspace       used 73226K, capacity 75600K, committed 75736K, reserved 1114112K
  class space    used 9807K, capacity 10366K, committed 10456K, reserved 1048576K
Event: 154.805 GC heap after
Heap after GC invocations=18 (full 3):
 PSYoungGen      total 226304K, used 23028K [0x00000000e0000000, 0x00000000f2480000, 0x0000000100000000)
  eden space 203264K, 0% used [0x00000000e0000000,0x00000000e0000000,0x00000000ec680000)
  from space 23040K, 99% used [0x00000000ec680000,0x00000000edcfd138,0x00000000edd00000)
  to   space 29696K, 0% used [0x00000000f0780000,0x00000000f0780000,0x00000000f2480000)
 ParOldGen       total 127488K, used 41348K [0x00000000a0000000, 0x00000000a7c80000, 0x00000000e0000000)
  object space 127488K, 32% used [0x00000000a0000000,0x00000000a2861218,0x00000000a7c80000)
 Metaspace       used 73226K, capacity 75600K, committed 75736K, reserved 1114112K
  class space    used 9807K, capacity 10366K, committed 10456K, reserved 1048576K
}
Event: 174.266 GC heap before
{Heap before GC invocations=19 (full 3):
 PSYoungGen      total 226304K, used 226292K [0x00000000e0000000, 0x00000000f2480000, 0x0000000100000000)
  eden space 203264K, 100% used [0x00000000e0000000,0x00000000ec680000,0x00000000ec680000)
  from space 23040K, 99% used [0x00000000ec680000,0x00000000edcfd138,0x00000000edd00000)
  to   space 29696K, 0% used [0x00000000f0780000,0x00000000f0780000,0x00000000f2480000)
 ParOldGen       total 127488K, used 41348K [0x00000000a0000000, 0x00000000a7c80000, 0x00000000e0000000)
  object space 127488K, 32% used [0x00000000a0000000,0x00000000a2861218,0x00000000a7c80000)
 Metaspace       used 83772K, capacity 86612K, committed 86872K, reserved 1124352K
  class space    used 11147K, capacity 11750K, committed 11864K, reserved 1048576K
Event: 174.471 GC heap after
Heap after GC invocations=19 (full 3):
 PSYoungGen      total 260096K, used 29693K [0x00000000e0000000, 0x00000000f3a00000, 0x0000000100000000)
  eden space 230400K, 0% used [0x00000000e0000000,0x00000000e0000000,0x00000000ee100000)
  from space 29696K, 99% used [0x00000000f0780000,0x00000000f247f400,0x00000000f2480000)
  to   space 39424K, 0% used [0x00000000ee100000,0x00000000ee100000,0x00000000f0780000)
 ParOldGen       total 127488K, used 55112K [0x00000000a0000000, 0x00000000a7c80000, 0x00000000e0000000)
  object space 127488K, 43% used [0x00000000a0000000,0x00000000a35d20d0,0x00000000a7c80000)
 Metaspace       used 83772K, capacity 86612K, committed 86872K, reserved 1124352K
  class space    used 11147K, capacity 11750K, committed 11864K, reserved 1048576K
}
Event: 189.579 GC heap before
{Heap before GC invocations=20 (full 3):
 PSYoungGen      total 260096K, used 260093K [0x00000000e0000000, 0x00000000f3a00000, 0x0000000100000000)
  eden space 230400K, 100% used [0x00000000e0000000,0x00000000ee100000,0x00000000ee100000)
  from space 29696K, 99% used [0x00000000f0780000,0x00000000f247f400,0x00000000f2480000)
  to   space 39424K, 0% used [0x00000000ee100000,0x00000000ee100000,0x00000000f0780000)
 ParOldGen       total 127488K, used 55112K [0x00000000a0000000, 0x00000000a7c80000, 0x00000000e0000000)
  object space 127488K, 43% used [0x00000000a0000000,0x00000000a35d20d0,0x00000000a7c80000)
 Metaspace       used 89411K, capacity 92732K, committed 93016K, reserved 1130496K
  class space    used 11886K, capacity 12592K, committed 12632K, reserved 1048576K
Event: 189.862 GC heap after
Heap after GC invocations=20 (full 3):
 PSYoungGen      total 269824K, used 6102K [0x00000000e0000000, 0x00000000f4f80000, 0x0000000100000000)
  eden space 230400K, 0% used [0x00000000e0000000,0x00000000e0000000,0x00000000ee100000)
  from space 39424K, 15% used [0x00000000ee100000,0x00000000ee6f5bb8,0x00000000f0780000)
  to   space 38912K, 0% used [0x00000000f2980000,0x00000000f2980000,0x00000000f4f80000)
 ParOldGen       total 127488K, used 76137K [0x00000000a0000000, 0x00000000a7c80000, 0x00000000e0000000)
  object space 127488K, 59% used [0x00000000a0000000,0x00000000a4a5a770,0x00000000a7c80000)
 Metaspace       used 89411K, capacity 92732K, committed 93016K, reserved 1130496K
  class space    used 11886K, capacity 12592K, committed 12632K, reserved 1048576K
}
Event: 197.399 GC heap before
{Heap before GC invocations=21 (full 3):
 PSYoungGen      total 269824K, used 236502K [0x00000000e0000000, 0x00000000f4f80000, 0x0000000100000000)
  eden space 230400K, 100% used [0x00000000e0000000,0x00000000ee100000,0x00000000ee100000)
  from space 39424K, 15% used [0x00000000ee100000,0x00000000ee6f5bb8,0x00000000f0780000)
  to   space 38912K, 0% used [0x00000000f2980000,0x00000000f2980000,0x00000000f4f80000)
 ParOldGen       total 127488K, used 76137K [0x00000000a0000000, 0x00000000a7c80000, 0x00000000e0000000)
  object space 127488K, 59% used [0x00000000a0000000,0x00000000a4a5a770,0x00000000a7c80000)
 Metaspace       used 90841K, capacity 94498K, committed 94808K, reserved 1130496K
  class space    used 12081K, capacity 12823K, committed 12888K, reserved 1048576K
Event: 197.460 GC heap after
Heap after GC invocations=21 (full 3):
 PSYoungGen      total 298496K, used 8326K [0x00000000e0000000, 0x00000000f4b00000, 0x0000000100000000)
  eden space 264192K, 0% used [0x00000000e0000000,0x00000000e0000000,0x00000000f0200000)
  from space 34304K, 24% used [0x00000000f2980000,0x00000000f31a1ad8,0x00000000f4b00000)
  to   space 37376K, 0% used [0x00000000f0200000,0x00000000f0200000,0x00000000f2680000)
 ParOldGen       total 127488K, used 76145K [0x00000000a0000000, 0x00000000a7c80000, 0x00000000e0000000)
  object space 127488K, 59% used [0x00000000a0000000,0x00000000a4a5c770,0x00000000a7c80000)
 Metaspace       used 90841K, capacity 94498K, committed 94808K, reserved 1130496K
  class space    used 12081K, capacity 12823K, committed 12888K, reserved 1048576K
}

