# JRE version: OpenJDK Runtime Environment (8.0_212-b04) (build 1.8.0_212-release-1586-b04)
# Java VM: OpenJDK 64-Bit Server VM (25.212-b04 mixed mode windows-amd64 compressed oops)
Heap:
 PSYoungGen      total 280576K, used 163194K [0x00000000e0000000, 0x00000000f5600000, 0x0000000100000000)
  eden space 231424K, 62% used [0x00000000e0000000,0x00000000e8da8090,0x00000000ee200000)
  from space 49152K, 36% used [0x00000000f2600000,0x00000000f37b6808,0x00000000f5600000)
  to   space 59392K, 0% used [0x00000000ee200000,0x00000000ee200000,0x00000000f1c00000)
 ParOldGen       total 315392K, used 135158K [0x00000000a0000000, 0x00000000b3400000, 0x00000000e0000000)
  object space 315392K, 42% used [0x00000000a0000000,0x00000000a83fdbc0,0x00000000b3400000)
 Metaspace       used 87043K, capacity 90398K, committed 90752K, reserved 1128448K
  class space    used 11611K, capacity 12350K, committed 12416K, reserved 1048576K
GC Heap History (10 events):
Event: 29.037 GC heap before
{Heap before GC invocations=18 (full 3):
 PSYoungGen      total 186880K, used 186877K [0x00000000e0000000, 0x00000000ede80000, 0x0000000100000000)
  eden space 168448K, 100% used [0x00000000e0000000,0x00000000ea480000,0x00000000ea480000)
  from space 18432K, 99% used [0x00000000ebd80000,0x00000000ecf7f7d8,0x00000000ecf80000)
  to   space 25600K, 0% used [0x00000000ea480000,0x00000000ea480000,0x00000000ebd80000)
 ParOldGen       total 147968K, used 46883K [0x00000000a0000000, 0x00000000a9080000, 0x00000000e0000000)
  object space 147968K, 31% used [0x00000000a0000000,0x00000000a2dc8e00,0x00000000a9080000)
 Metaspace       used 70412K, capacity 72602K, committed 72704K, reserved 1112064K
  class space    used 9446K, capacity 9960K, committed 9984K, reserved 1048576K
Event: 29.113 GC heap after
Heap after GC invocations=18 (full 3):
 PSYoungGen      total 194048K, used 25595K [0x00000000e0000000, 0x00000000f0d00000, 0x0000000100000000)
  eden space 168448K, 0% used [0x00000000e0000000,0x00000000e0000000,0x00000000ea480000)
  from space 25600K, 99% used [0x00000000ea480000,0x00000000ebd7ee00,0x00000000ebd80000)
  to   space 34304K, 0% used [0x00000000eeb80000,0x00000000eeb80000,0x00000000f0d00000)
 ParOldGen       total 147968K, used 60519K [0x00000000a0000000, 0x00000000a9080000, 0x00000000e0000000)
  object space 147968K, 40% used [0x00000000a0000000,0x00000000a3b19ce0,0x00000000a9080000)
 Metaspace       used 70412K, capacity 72602K, committed 72704K, reserved 1112064K
  class space    used 9446K, capacity 9960K, committed 9984K, reserved 1048576K
}
Event: 32.074 GC heap before
{Heap before GC invocations=19 (full 3):
 PSYoungGen      total 194048K, used 194043K [0x00000000e0000000, 0x00000000f0d00000, 0x0000000100000000)
  eden space 168448K, 100% used [0x00000000e0000000,0x00000000ea480000,0x00000000ea480000)
  from space 25600K, 99% used [0x00000000ea480000,0x00000000ebd7ee00,0x00000000ebd80000)
  to   space 34304K, 0% used [0x00000000eeb80000,0x00000000eeb80000,0x00000000f0d00000)
 ParOldGen       total 147968K, used 60519K [0x00000000a0000000, 0x00000000a9080000, 0x00000000e0000000)
  object space 147968K, 40% used [0x00000000a0000000,0x00000000a3b19ce0,0x00000000a9080000)
 Metaspace       used 78704K, capacity 82064K, committed 82304K, reserved 1120256K
  class space    used 10785K, capacity 11533K, committed 11648K, reserved 1048576K
Event: 32.148 GC heap after
Heap after GC invocations=19 (full 3):
 PSYoungGen      total 237056K, used 30997K [0x00000000e0000000, 0x00000000f1680000, 0x0000000100000000)
  eden space 202752K, 0% used [0x00000000e0000000,0x00000000e0000000,0x00000000ec600000)
  from space 34304K, 90% used [0x00000000eeb80000,0x00000000f09c5718,0x00000000f0d00000)
  to   space 38400K, 0% used [0x00000000ec600000,0x00000000ec600000,0x00000000eeb80000)
 ParOldGen       total 147968K, used 76428K [0x00000000a0000000, 0x00000000a9080000, 0x00000000e0000000)
  object space 147968K, 51% used [0x00000000a0000000,0x00000000a4aa32c8,0x00000000a9080000)
 Metaspace       used 78704K, capacity 82064K, committed 82304K, reserved 1120256K
  class space    used 10785K, capacity 11533K, committed 11648K, reserved 1048576K
}
Event: 35.878 GC heap before
{Heap before GC invocations=20 (full 3):
 PSYoungGen      total 237056K, used 233269K [0x00000000e0000000, 0x00000000f1680000, 0x0000000100000000)
  eden space 202752K, 99% used [0x00000000e0000000,0x00000000ec5880d8,0x00000000ec600000)
  from space 34304K, 90% used [0x00000000eeb80000,0x00000000f09c5718,0x00000000f0d00000)
  to   space 38400K, 0% used [0x00000000ec600000,0x00000000ec600000,0x00000000eeb80000)
 ParOldGen       total 147968K, used 76428K [0x00000000a0000000, 0x00000000a9080000, 0x00000000e0000000)
  object space 147968K, 51% used [0x00000000a0000000,0x00000000a4aa32c8,0x00000000a9080000)
 Metaspace       used 79975K, capacity 83490K, committed 83712K, reserved 1122304K
  class space    used 10958K, capacity 11720K, committed 11776K, reserved 1048576K
Event: 36.013 GC heap after
Heap after GC invocations=20 (full 3):
 PSYoungGen      total 241152K, used 38385K [0x00000000e0000000, 0x00000000f6300000, 0x0000000100000000)
  eden space 202752K, 0% used [0x00000000e0000000,0x00000000e0000000,0x00000000ec600000)
  from space 38400K, 99% used [0x00000000ec600000,0x00000000eeb7c7f0,0x00000000eeb80000)
  to   space 62464K, 0% used [0x00000000f2600000,0x00000000f2600000,0x00000000f6300000)
 ParOldGen       total 147968K, used 125164K [0x00000000a0000000, 0x00000000a9080000, 0x00000000e0000000)
  object space 147968K, 84% used [0x00000000a0000000,0x00000000a7a3b0e8,0x00000000a9080000)
 Metaspace       used 79975K, capacity 83490K, committed 83712K, reserved 1122304K
  class space    used 10958K, capacity 11720K, committed 11776K, reserved 1048576K
}
Event: 36.013 GC heap before
{Heap before GC invocations=21 (full 4):
 PSYoungGen      total 241152K, used 38385K [0x00000000e0000000, 0x00000000f6300000, 0x0000000100000000)
  eden space 202752K, 0% used [0x00000000e0000000,0x00000000e0000000,0x00000000ec600000)
  from space 38400K, 99% used [0x00000000ec600000,0x00000000eeb7c7f0,0x00000000eeb80000)
  to   space 62464K, 0% used [0x00000000f2600000,0x00000000f2600000,0x00000000f6300000)
 ParOldGen       total 147968K, used 125164K [0x00000000a0000000, 0x00000000a9080000, 0x00000000e0000000)
  object space 147968K, 84% used [0x00000000a0000000,0x00000000a7a3b0e8,0x00000000a9080000)
 Metaspace       used 79975K, capacity 83490K, committed 83712K, reserved 1122304K
  class space    used 10958K, capacity 11720K, committed 11776K, reserved 1048576K
Event: 37.032 GC heap after
Heap after GC invocations=21 (full 4):
 PSYoungGen      total 241152K, used 0K [0x00000000e0000000, 0x00000000f6300000, 0x0000000100000000)
  eden space 202752K, 0% used [0x00000000e0000000,0x00000000e0000000,0x00000000ec600000)
  from space 38400K, 0% used [0x00000000ec600000,0x00000000ec600000,0x00000000eeb80000)
  to   space 62464K, 0% used [0x00000000f2600000,0x00000000f2600000,0x00000000f6300000)
 ParOldGen       total 315392K, used 135150K [0x00000000a0000000, 0x00000000b3400000, 0x00000000e0000000)
  object space 315392K, 42% used [0x00000000a0000000,0x00000000a83fbbc0,0x00000000b3400000)
 Metaspace       used 79640K, capacity 82678K, committed 83712K, reserved 1122304K
  class space    used 10838K, capacity 11506K, committed 11776K, reserved 1048576K
}
Event: 41.294 GC heap before
{Heap before GC invocations=22 (full 4):
 PSYoungGen      total 241152K, used 202752K [0x00000000e0000000, 0x00000000f6300000, 0x0000000100000000)
  eden space 202752K, 100% used [0x00000000e0000000,0x00000000ec600000,0x00000000ec600000)
  from space 38400K, 0% used [0x00000000ec600000,0x00000000ec600000,0x00000000eeb80000)
  to   space 62464K, 0% used [0x00000000f2600000,0x00000000f2600000,0x00000000f6300000)
 ParOldGen       total 315392K, used 135150K [0x00000000a0000000, 0x00000000b3400000, 0x00000000e0000000)
  object space 315392K, 42% used [0x00000000a0000000,0x00000000a83fbbc0,0x00000000b3400000)
 Metaspace       used 83512K, capacity 86820K, committed 87040K, reserved 1124352K
  class space    used 11414K, capacity 12169K, committed 12288K, reserved 1048576K
Event: 41.344 GC heap after
Heap after GC invocations=22 (full 4):
 PSYoungGen      total 280576K, used 18138K [0x00000000e0000000, 0x00000000f5600000, 0x0000000100000000)
  eden space 231424K, 0% used [0x00000000e0000000,0x00000000e0000000,0x00000000ee200000)
  from space 49152K, 36% used [0x00000000f2600000,0x00000000f37b6808,0x00000000f5600000)
  to   space 59392K, 0% used [0x00000000ee200000,0x00000000ee200000,0x00000000f1c00000)
 ParOldGen       total 315392K, used 135158K [0x00000000a0000000, 0x00000000b3400000, 0x00000000e0000000)
  object space 315392K, 42% used [0x00000000a0000000,0x00000000a83fdbc0,0x00000000b3400000)
 Metaspace       used 83512K, capacity 86820K, committed 87040K, reserved 1124352K
  class space    used 11414K, capacity 12169K, committed 12288K, reserved 1048576K
}

