# JRE version: OpenJDK Runtime Environment (8.0_212-b04) (build 1.8.0_212-release-1586-b04)
# Java VM: OpenJDK 64-Bit Server VM (25.212-b04 mixed mode windows-amd64 compressed oops)
Heap:
 PSYoungGen      total 324608K, used 129877K [0x00000000e0000000, 0x00000000fc080000, 0x0000000100000000)
  eden space 310784K, 37% used [0x00000000e0000000,0x00000000e71c5170,0x00000000f2f80000)
  from space 13824K, 96% used [0x00000000fb300000,0x00000000fc010628,0x00000000fc080000)
  to   space 51200K, 0% used [0x00000000f5c80000,0x00000000f5c80000,0x00000000f8e80000)
 ParOldGen       total 256000K, used 134483K [0x00000000a0000000, 0x00000000afa00000, 0x00000000e0000000)
  object space 256000K, 52% used [0x00000000a0000000,0x00000000a8354e80,0x00000000afa00000)
 Metaspace       used 95380K, capacity 99270K, committed 99544K, reserved 1136640K
  class space    used 12349K, capacity 13160K, committed 13272K, reserved 1048576K
GC Heap History (10 events):
Event: 124.587 GC heap before
{Heap before GC invocations=20 (full 3):
 PSYoungGen      total 287744K, used 287725K [0x00000000e0000000, 0x00000000f6b00000, 0x0000000100000000)
  eden space 260096K, 100% used [0x00000000e0000000,0x00000000efe00000,0x00000000efe00000)
  from space 27648K, 99% used [0x00000000f2300000,0x00000000f3dfb748,0x00000000f3e00000)
  to   space 37888K, 0% used [0x00000000efe00000,0x00000000efe00000,0x00000000f2300000)
 ParOldGen       total 124416K, used 81756K [0x00000000a0000000, 0x00000000a7980000, 0x00000000e0000000)
  object space 124416K, 65% used [0x00000000a0000000,0x00000000a4fd7380,0x00000000a7980000)
 Metaspace       used 87812K, capacity 91614K, committed 91736K, reserved 1128448K
  class space    used 11763K, capacity 12600K, committed 12632K, reserved 1048576K
Event: 124.771 GC heap after
Heap after GC invocations=20 (full 3):
 PSYoungGen      total 297984K, used 37862K [0x00000000e0000000, 0x00000000fb380000, 0x0000000100000000)
  eden space 260096K, 0% used [0x00000000e0000000,0x00000000e0000000,0x00000000efe00000)
  from space 37888K, 99% used [0x00000000efe00000,0x00000000f22f98b0,0x00000000f2300000)
  to   space 58880K, 0% used [0x00000000f7a00000,0x00000000f7a00000,0x00000000fb380000)
 ParOldGen       total 124416K, used 121377K [0x00000000a0000000, 0x00000000a7980000, 0x00000000e0000000)
  object space 124416K, 97% used [0x00000000a0000000,0x00000000a76887a0,0x00000000a7980000)
 Metaspace       used 87812K, capacity 91614K, committed 91736K, reserved 1128448K
  class space    used 11763K, capacity 12600K, committed 12632K, reserved 1048576K
}
Event: 124.771 GC heap before
{Heap before GC invocations=21 (full 4):
 PSYoungGen      total 297984K, used 37862K [0x00000000e0000000, 0x00000000fb380000, 0x0000000100000000)
  eden space 260096K, 0% used [0x00000000e0000000,0x00000000e0000000,0x00000000efe00000)
  from space 37888K, 99% used [0x00000000efe00000,0x00000000f22f98b0,0x00000000f2300000)
  to   space 58880K, 0% used [0x00000000f7a00000,0x00000000f7a00000,0x00000000fb380000)
 ParOldGen       total 124416K, used 121377K [0x00000000a0000000, 0x00000000a7980000, 0x00000000e0000000)
  object space 124416K, 97% used [0x00000000a0000000,0x00000000a76887a0,0x00000000a7980000)
 Metaspace       used 87812K, capacity 91614K, committed 91736K, reserved 1128448K
  class space    used 11763K, capacity 12600K, committed 12632K, reserved 1048576K
Event: 125.655 GC heap after
Heap after GC invocations=21 (full 4):
 PSYoungGen      total 297984K, used 994K [0x00000000e0000000, 0x00000000fb380000, 0x0000000100000000)
  eden space 260096K, 0% used [0x00000000e0000000,0x00000000e0000000,0x00000000efe00000)
  from space 37888K, 2% used [0x00000000efe00000,0x00000000efef8be8,0x00000000f2300000)
  to   space 58880K, 0% used [0x00000000f7a00000,0x00000000f7a00000,0x00000000fb380000)
 ParOldGen       total 256000K, used 124054K [0x00000000a0000000, 0x00000000afa00000, 0x00000000e0000000)
  object space 256000K, 48% used [0x00000000a0000000,0x00000000a79258c8,0x00000000afa00000)
 Metaspace       used 87270K, capacity 90446K, committed 91736K, reserved 1128448K
  class space    used 11565K, capacity 12244K, committed 12632K, reserved 1048576K
}
Event: 135.017 GC heap before
{Heap before GC invocations=22 (full 4):
 PSYoungGen      total 297984K, used 261090K [0x00000000e0000000, 0x00000000fb380000, 0x0000000100000000)
  eden space 260096K, 100% used [0x00000000e0000000,0x00000000efe00000,0x00000000efe00000)
  from space 37888K, 2% used [0x00000000efe00000,0x00000000efef8be8,0x00000000f2300000)
  to   space 58880K, 0% used [0x00000000f7a00000,0x00000000f7a00000,0x00000000fb380000)
 ParOldGen       total 256000K, used 124054K [0x00000000a0000000, 0x00000000afa00000, 0x00000000e0000000)
  object space 256000K, 48% used [0x00000000a0000000,0x00000000a79258c8,0x00000000afa00000)
 Metaspace       used 90500K, capacity 93978K, committed 94808K, reserved 1130496K
  class space    used 12075K, capacity 12840K, committed 13144K, reserved 1048576K
Event: 135.090 GC heap after
Heap after GC invocations=22 (full 4):
 PSYoungGen      total 369664K, used 18292K [0x00000000e0000000, 0x00000000fa780000, 0x0000000100000000)
  eden space 323072K, 0% used [0x00000000e0000000,0x00000000e0000000,0x00000000f3b80000)
  from space 46592K, 39% used [0x00000000f7a00000,0x00000000f8bdd008,0x00000000fa780000)
  to   space 55296K, 0% used [0x00000000f3b80000,0x00000000f3b80000,0x00000000f7180000)
 ParOldGen       total 256000K, used 124454K [0x00000000a0000000, 0x00000000afa00000, 0x00000000e0000000)
  object space 256000K, 48% used [0x00000000a0000000,0x00000000a79898c8,0x00000000afa00000)
 Metaspace       used 90500K, capacity 93978K, committed 94808K, reserved 1130496K
  class space    used 12075K, capacity 12840K, committed 13144K, reserved 1048576K
}
Event: 1597.712 GC heap before
{Heap before GC invocations=23 (full 4):
 PSYoungGen      total 369664K, used 341364K [0x00000000e0000000, 0x00000000fa780000, 0x0000000100000000)
  eden space 323072K, 100% used [0x00000000e0000000,0x00000000f3b80000,0x00000000f3b80000)
  from space 46592K, 39% used [0x00000000f7a00000,0x00000000f8bdd008,0x00000000fa780000)
  to   space 55296K, 0% used [0x00000000f3b80000,0x00000000f3b80000,0x00000000f7180000)
 ParOldGen       total 256000K, used 124454K [0x00000000a0000000, 0x00000000afa00000, 0x00000000e0000000)
  object space 256000K, 48% used [0x00000000a0000000,0x00000000a79898c8,0x00000000afa00000)
 Metaspace       used 94726K, capacity 98410K, committed 98776K, reserved 1134592K
  class space    used 12311K, capacity 13092K, committed 13272K, reserved 1048576K
Event: 1598.032 GC heap after
Heap after GC invocations=23 (full 4):
 PSYoungGen      total 378368K, used 15360K [0x00000000e0000000, 0x00000000fe700000, 0x0000000100000000)
  eden space 323072K, 0% used [0x00000000e0000000,0x00000000e0000000,0x00000000f3b80000)
  from space 55296K, 27% used [0x00000000f3b80000,0x00000000f4a80138,0x00000000f7180000)
  to   space 53248K, 0% used [0x00000000fb300000,0x00000000fb300000,0x00000000fe700000)
 ParOldGen       total 256000K, used 133971K [0x00000000a0000000, 0x00000000afa00000, 0x00000000e0000000)
  object space 256000K, 52% used [0x00000000a0000000,0x00000000a82d4e30,0x00000000afa00000)
 Metaspace       used 94726K, capacity 98410K, committed 98776K, reserved 1134592K
  class space    used 12311K, capacity 13092K, committed 13272K, reserved 1048576K
}
Event: 9518.693 GC heap before
{Heap before GC invocations=24 (full 4):
 PSYoungGen      total 378368K, used 338432K [0x00000000e0000000, 0x00000000fe700000, 0x0000000100000000)
  eden space 323072K, 100% used [0x00000000e0000000,0x00000000f3b80000,0x00000000f3b80000)
  from space 55296K, 27% used [0x00000000f3b80000,0x00000000f4a80138,0x00000000f7180000)
  to   space 53248K, 0% used [0x00000000fb300000,0x00000000fb300000,0x00000000fe700000)
 ParOldGen       total 256000K, used 133971K [0x00000000a0000000, 0x00000000afa00000, 0x00000000e0000000)
  object space 256000K, 52% used [0x00000000a0000000,0x00000000a82d4e30,0x00000000afa00000)
 Metaspace       used 95287K, capacity 99240K, committed 99544K, reserved 1136640K
  class space    used 12346K, capacity 13155K, committed 13272K, reserved 1048576K
Event: 9518.901 GC heap after
Heap after GC invocations=24 (full 4):
 PSYoungGen      total 324608K, used 13377K [0x00000000e0000000, 0x00000000fc080000, 0x0000000100000000)
  eden space 310784K, 0% used [0x00000000e0000000,0x00000000e0000000,0x00000000f2f80000)
  from space 13824K, 96% used [0x00000000fb300000,0x00000000fc010628,0x00000000fc080000)
  to   space 51200K, 0% used [0x00000000f5c80000,0x00000000f5c80000,0x00000000f8e80000)
 ParOldGen       total 256000K, used 134483K [0x00000000a0000000, 0x00000000afa00000, 0x00000000e0000000)
  object space 256000K, 52% used [0x00000000a0000000,0x00000000a8354e80,0x00000000afa00000)
 Metaspace       used 95287K, capacity 99240K, committed 99544K, reserved 1136640K
  class space    used 12346K, capacity 13155K, committed 13272K, reserved 1048576K
}

